#
# There is insufficient memory for the Java Runtime Environment to continue.
# Cannot create worker GC thread. Out of system resources.
# Possible reasons:
#   The system is out of physical RAM or swap space
#   The process is running with CompressedOops enabled, and the Java Heap may be blocking the growth of the native heap
# Possible solutions:
#   Reduce memory load on the system
#   Increase physical memory or swap space
#   Check if swap backing store is full
#   Decrease Java heap size (-Xmx/-Xms)
#   Decrease number of Java threads
#   Decrease Java thread stack sizes (-Xss)
#   Set larger code cache with -XX:ReservedCodeCacheSize=
#   JVM is running with Zero Based Compressed Oops mode in which the Java heap is
#     placed in the first 32GB address space. The Java Heap base address is the
#     maximum limit for the native heap growth. Please use -XX:HeapBaseMinAddress
#     to set the Java Heap base and to place the Java Heap above 32GB virtual address.
# This output file may be truncated or incomplete.
#
#  Out of Memory Error (workerManager.hpp:87), pid=3761308, tid=3761308
#
# JRE version:  (17.0.5+8) (build )
# Java VM: OpenJDK 64-Bit Server VM (17.0.5+8-Ubuntu-2ubuntu120.04, mixed mode, sharing, tiered, compressed oops, compressed class ptrs, g1 gc, linux-amd64)
# Core dump will be written. Default location: Core dumps may be processed with "/usr/share/apport/apport -p%p -s%s -c%c -d%d -P%P -u%u -g%g -- %E" (or dumping to /home/cim/ug/zkac355/Documents/Year2/2800/gitrepros/CS2800/calculator/core.3761308)
#

---------------  S U M M A R Y ------------

Command Line: -ea -Dfile.encoding=UTF-8 -XX:+ShowCodeDetailsInExceptionMessages org.eclipse.jdt.internal.junit.runner.RemoteTestRunner -version 3 -port 35485 -testLoaderClass org.eclipse.jdt.internal.junit5.runner.JUnit5TestLoader -loaderpluginname org.eclipse.jdt.junit5.runtime -classNames calculator.PostfixTest

Host: Intel(R) Xeon(R) CPU E5-2683 v4 @ 2.10GHz, 24 cores, 188G, Ubuntu 20.04.5 LTS
Time: Sat Nov 26 23:23:09 2022 GMT elapsed time: 0.016000 seconds (0d 0h 0m 0s)

---------------  T H R E A D  ---------------

Current thread (0x0000564b3924f3b0):  JavaThread "Unknown thread" [_thread_in_vm, id=3761308, stack(0x00007ffcbd563000,0x00007ffcbdd61000)]

Stack: [0x00007ffcbd563000,0x00007ffcbdd61000],  sp=0x00007ffcbdd5b9d0,  free space=8162k
Native frames: (J=compiled Java code, j=interpreted, Vv=VM code, C=native code)
V  [libjvm.so+0xf5b095]
V  [libjvm.so+0xf5bd41]
V  [libjvm.so+0x618e17]
V  [libjvm.so+0xf8f0f1]
V  [libjvm.so+0xf8f2cd]
V  [libjvm.so+0x702719]
V  [libjvm.so+0xf083f6]
V  [libjvm.so+0x81173b]
V  [libjvm.so+0xede5c6]
V  [libjvm.so+0x8db3d5]  JNI_CreateJavaVM+0x55
C  [libjli.so+0x3de1]
C  [libjli.so+0x8f58]
C  [libjli.so+0x5df1]
C  [libjli.so+0x7595]  JLI_Launch+0x1595
C  [java+0x12b3]


---------------  P R O C E S S  ---------------

Threads class SMR info:
_java_thread_list=0x00007f957c2ab4a0, length=0, elements={
}

Java Threads: ( => current thread )

Other Threads:

[error occurred during error reporting (printing all threads), id 0xb, SIGSEGV (0xb) at pc=0x00007f957b61a494]

VM state: not at safepoint (not fully initialized)

VM Mutex/Monitor currently owned by a thread:  ([mutex/lock_event])
[0x0000564b3924b700] Heap_lock - owner thread: 0x0000564b3924f3b0

Heap address: 0x0000000082000000, size: 30688 MB, Compressed Oops mode: Zero based, Oop shift amount: 3

CDS archive(s) mapped at: [0x0000000000000000-0x0000000000000000-0x0000000000000000), size 0, SharedBaseAddress: 0x0000000800000000, ArchiveRelocationMode: 0.
Narrow klass base: 0x0000000000000000, Narrow klass shift: 0, Narrow klass range: 0x0

GC Precious Log:
<Empty>

Heap:
 garbage-first heap   total 0K, used 0K [0x0000000082000000, 0x0000000800000000)
  region size 16384K, 0 young (0K), 0 survivors (0K)

[error occurred during error reporting (printing heap information), id 0xb, SIGSEGV (0xb) at pc=0x00007f957bbe208e]

GC Heap History (0 events):
No events

Dll operation events (2 events):
Event: 0.008 Loaded shared library /usr/lib/jvm/java-17-openjdk-amd64/lib/libjava.so
Event: 0.008 Loaded shared library /usr/lib/jvm/java-17-openjdk-amd64/lib/libzip.so

Deoptimization events (0 events):
No events

Classes unloaded (0 events):
No events

Classes redefined (0 events):
No events

Internal exceptions (0 events):
No events

VM Operations (0 events):
No events

Events (1 events):
Event: 0.007 Protecting memory [0x00007ffcbd563000,0x00007ffcbd567000] with protection modes 0


Dynamic libraries:
82000000-800000000 ---p 00000000 00:00 0 
564b38846000-564b38847000 r--p 00000000 08:02 3149233                    /usr/lib/jvm/java-17-openjdk-amd64/bin/java
564b38847000-564b38848000 r-xp 00001000 08:02 3149233                    /usr/lib/jvm/java-17-openjdk-amd64/bin/java
564b38848000-564b38849000 r--p 00002000 08:02 3149233                    /usr/lib/jvm/java-17-openjdk-amd64/bin/java
564b38849000-564b3884a000 r--p 00002000 08:02 3149233                    /usr/lib/jvm/java-17-openjdk-amd64/bin/java
564b3884a000-564b3884b000 rw-p 00003000 08:02 3149233                    /usr/lib/jvm/java-17-openjdk-amd64/bin/java
564b3920f000-564b39294000 rw-p 00000000 00:00 0                          [heap]
7f951a996000-7f951a997000 ---p 00000000 00:00 0 
7f951a997000-7f951ac04000 rw-p 00000000 00:00 0 
7f951ac04000-7f9561ed4000 ---p 00000000 00:00 0 
7f9561ed4000-7f95631db000 rw-p 00000000 00:00 0 
7f95631db000-7f95632bf000 ---p 00000000 00:00 0 
7f95632bf000-7f95632c4000 rw-p 00000000 00:00 0 
7f95632c4000-7f95633a8000 ---p 00000000 00:00 0 
7f95633a8000-7f9563618000 rwxp 00000000 00:00 0 
7f9563618000-7f9563ae9000 ---p 00000000 00:00 0 
7f9563ae9000-7f9563d59000 rwxp 00000000 00:00 0 
7f9563d59000-7f956af48000 ---p 00000000 00:00 0 
7f956af48000-7f956b1b8000 rwxp 00000000 00:00 0 
7f956b1b8000-7f95723a8000 ---p 00000000 00:00 0 
7f95723a8000-7f95723b4000 r--p 00000000 08:02 3149479                    /usr/lib/jvm/java-17-openjdk-amd64/lib/libjava.so
7f95723b4000-7f95723c7000 r-xp 0000c000 08:02 3149479                    /usr/lib/jvm/java-17-openjdk-amd64/lib/libjava.so
7f95723c7000-7f95723cd000 r--p 0001f000 08:02 3149479                    /usr/lib/jvm/java-17-openjdk-amd64/lib/libjava.so
7f95723cd000-7f95723ce000 ---p 00025000 08:02 3149479                    /usr/lib/jvm/java-17-openjdk-amd64/lib/libjava.so
7f95723ce000-7f95723cf000 r--p 00025000 08:02 3149479                    /usr/lib/jvm/java-17-openjdk-amd64/lib/libjava.so
7f95723cf000-7f95723d0000 rw-p 00026000 08:02 3149479                    /usr/lib/jvm/java-17-openjdk-amd64/lib/libjava.so
7f95723d0000-7f95723d1000 rw-p 00000000 00:00 0 
7f95723d1000-7f9572bd6000 r--s 00000000 08:02 1456460                    /var/lib/sss/mc/passwd
7f9572bd6000-7f9572bd8000 r--p 00000000 08:02 1179935                    /lib/x86_64-linux-gnu/libnss_sss.so.2
7f9572bd8000-7f9572bde000 r-xp 00002000 08:02 1179935                    /lib/x86_64-linux-gnu/libnss_sss.so.2
7f9572bde000-7f9572be0000 r--p 00008000 08:02 1179935                    /lib/x86_64-linux-gnu/libnss_sss.so.2
7f9572be0000-7f9572be1000 r--p 00009000 08:02 1179935                    /lib/x86_64-linux-gnu/libnss_sss.so.2
7f9572be1000-7f9572be2000 rw-p 0000a000 08:02 1179935                    /lib/x86_64-linux-gnu/libnss_sss.so.2
7f9572bea000-7f9572bef000 rw-p 00000000 00:00 0 
7f9572bef000-7f9572bf9000 ---p 00000000 00:00 0 
7f9572bf9000-7f9572bfb000 r--p 00000000 08:02 3149620                    /usr/lib/jvm/java-17-openjdk-amd64/lib/libzip.so
7f9572bfb000-7f9572c00000 r-xp 00002000 08:02 3149620                    /usr/lib/jvm/java-17-openjdk-amd64/lib/libzip.so
7f9572c00000-7f9572c02000 r--p 00007000 08:02 3149620                    /usr/lib/jvm/java-17-openjdk-amd64/lib/libzip.so
7f9572c02000-7f9572c03000 r--p 00008000 08:02 3149620                    /usr/lib/jvm/java-17-openjdk-amd64/lib/libzip.so
7f9572c03000-7f9572c04000 rw-p 00009000 08:02 3149620                    /usr/lib/jvm/java-17-openjdk-amd64/lib/libzip.so
7f9572c04000-7f957aabf000 r--s 00000000 08:02 3149622                    /usr/lib/jvm/java-17-openjdk-amd64/lib/modules
7f957aabf000-7f957abc0000 rw-p 00000000 00:00 0 
7f957abc0000-7f957abc3000 r--p 00000000 08:02 1179683                    /lib/x86_64-linux-gnu/libgcc_s.so.1
7f957abc3000-7f957abd5000 r-xp 00003000 08:02 1179683                    /lib/x86_64-linux-gnu/libgcc_s.so.1
7f957abd5000-7f957abd9000 r--p 00015000 08:02 1179683                    /lib/x86_64-linux-gnu/libgcc_s.so.1
7f957abd9000-7f957abda000 r--p 00018000 08:02 1179683                    /lib/x86_64-linux-gnu/libgcc_s.so.1
7f957abda000-7f957abdb000 rw-p 00019000 08:02 1179683                    /lib/x86_64-linux-gnu/libgcc_s.so.1
7f957abdb000-7f957abe8000 r--p 00000000 08:02 1179776                    /lib/x86_64-linux-gnu/libm-2.31.so
7f957abe8000-7f957ac8f000 r-xp 0000d000 08:02 1179776                    /lib/x86_64-linux-gnu/libm-2.31.so
7f957ac8f000-7f957ad28000 r--p 000b4000 08:02 1179776                    /lib/x86_64-linux-gnu/libm-2.31.so
7f957ad28000-7f957ad29000 r--p 0014c000 08:02 1179776                    /lib/x86_64-linux-gnu/libm-2.31.so
7f957ad29000-7f957ad2a000 rw-p 0014d000 08:02 1179776                    /lib/x86_64-linux-gnu/libm-2.31.so
7f957ad2a000-7f957adc0000 r--p 00000000 08:02 1966267                    /usr/lib/x86_64-linux-gnu/libstdc++.so.6.0.28
7f957adc0000-7f957aeb1000 r-xp 00096000 08:02 1966267                    /usr/lib/x86_64-linux-gnu/libstdc++.so.6.0.28
7f957aeb1000-7f957aefa000 r--p 00187000 08:02 1966267                    /usr/lib/x86_64-linux-gnu/libstdc++.so.6.0.28
7f957aefa000-7f957aefb000 ---p 001d0000 08:02 1966267                    /usr/lib/x86_64-linux-gnu/libstdc++.so.6.0.28
7f957aefb000-7f957af06000 r--p 001d0000 08:02 1966267                    /usr/lib/x86_64-linux-gnu/libstdc++.so.6.0.28
7f957af06000-7f957af09000 rw-p 001db000 08:02 1966267                    /usr/lib/x86_64-linux-gnu/libstdc++.so.6.0.28
7f957af09000-7f957af0c000 rw-p 00000000 00:00 0 
7f957af0c000-7f957b15c000 r--p 00000000 08:02 3149631                    /usr/lib/jvm/java-17-openjdk-amd64/lib/server/libjvm.so
7f957b15c000-7f957bee9000 r-xp 00250000 08:02 3149631                    /usr/lib/jvm/java-17-openjdk-amd64/lib/server/libjvm.so
7f957bee9000-7f957c16f000 r--p 00fdd000 08:02 3149631                    /usr/lib/jvm/java-17-openjdk-amd64/lib/server/libjvm.so
7f957c16f000-7f957c227000 r--p 01262000 08:02 3149631                    /usr/lib/jvm/java-17-openjdk-amd64/lib/server/libjvm.so
7f957c227000-7f957c25c000 rw-p 0131a000 08:02 3149631                    /usr/lib/jvm/java-17-openjdk-amd64/lib/server/libjvm.so
7f957c25c000-7f957c2b7000 rw-p 00000000 00:00 0 
7f957c2b7000-7f957c2bd000 r--p 00000000 08:02 1181005                    /lib/x86_64-linux-gnu/libpthread-2.31.so
7f957c2bd000-7f957c2ce000 r-xp 00006000 08:02 1181005                    /lib/x86_64-linux-gnu/libpthread-2.31.so
7f957c2ce000-7f957c2d4000 r--p 00017000 08:02 1181005                    /lib/x86_64-linux-gnu/libpthread-2.31.so
7f957c2d4000-7f957c2d5000 r--p 0001c000 08:02 1181005                    /lib/x86_64-linux-gnu/libpthread-2.31.so
7f957c2d5000-7f957c2d6000 rw-p 0001d000 08:02 1181005                    /lib/x86_64-linux-gnu/libpthread-2.31.so
7f957c2d6000-7f957c2da000 rw-p 00000000 00:00 0 
7f957c2da000-7f957c2db000 r--p 00000000 08:02 1179773                    /lib/x86_64-linux-gnu/libdl-2.31.so
7f957c2db000-7f957c2dd000 r-xp 00001000 08:02 1179773                    /lib/x86_64-linux-gnu/libdl-2.31.so
7f957c2dd000-7f957c2de000 r--p 00003000 08:02 1179773                    /lib/x86_64-linux-gnu/libdl-2.31.so
7f957c2de000-7f957c2df000 r--p 00003000 08:02 1179773                    /lib/x86_64-linux-gnu/libdl-2.31.so
7f957c2df000-7f957c2e0000 rw-p 00004000 08:02 1179773                    /lib/x86_64-linux-gnu/libdl-2.31.so
7f957c2e0000-7f957c2e2000 r--p 00000000 08:02 1180009                    /lib/x86_64-linux-gnu/libz.so.1.2.11
7f957c2e2000-7f957c2f3000 r-xp 00002000 08:02 1180009                    /lib/x86_64-linux-gnu/libz.so.1.2.11
7f957c2f3000-7f957c2f9000 r--p 00013000 08:02 1180009                    /lib/x86_64-linux-gnu/libz.so.1.2.11
7f957c2f9000-7f957c2fa000 ---p 00019000 08:02 1180009                    /lib/x86_64-linux-gnu/libz.so.1.2.11
7f957c2fa000-7f957c2fb000 r--p 00019000 08:02 1180009                    /lib/x86_64-linux-gnu/libz.so.1.2.11
7f957c2fb000-7f957c2fc000 rw-p 0001a000 08:02 1180009                    /lib/x86_64-linux-gnu/libz.so.1.2.11
7f957c2fc000-7f957c31e000 r--p 00000000 08:02 1179772                    /lib/x86_64-linux-gnu/libc-2.31.so
7f957c31e000-7f957c496000 r-xp 00022000 08:02 1179772                    /lib/x86_64-linux-gnu/libc-2.31.so
7f957c496000-7f957c4e4000 r--p 0019a000 08:02 1179772                    /lib/x86_64-linux-gnu/libc-2.31.so
7f957c4e4000-7f957c4e8000 r--p 001e7000 08:02 1179772                    /lib/x86_64-linux-gnu/libc-2.31.so
7f957c4e8000-7f957c4ea000 rw-p 001eb000 08:02 1179772                    /lib/x86_64-linux-gnu/libc-2.31.so
7f957c4ea000-7f957c4ee000 rw-p 00000000 00:00 0 
7f957c4ef000-7f957c4f1000 r--s 0000c000 08:02 3277179                    /usr/share/java/java-atk-wrapper.jar
7f957c4f1000-7f957c4f9000 rw-s 00000000 00:32 2365                       /tmp/hsperfdata_zkac355/3761308
7f957c4f9000-7f957c4fb000 r--p 00000000 08:02 1180209                    /lib/x86_64-linux-gnu/libnss_compat-2.31.so
7f957c4fb000-7f957c502000 r-xp 00002000 08:02 1180209                    /lib/x86_64-linux-gnu/libnss_compat-2.31.so
7f957c502000-7f957c503000 r--p 00009000 08:02 1180209                    /lib/x86_64-linux-gnu/libnss_compat-2.31.so
7f957c503000-7f957c504000 r--p 00009000 08:02 1180209                    /lib/x86_64-linux-gnu/libnss_compat-2.31.so
7f957c504000-7f957c505000 rw-p 0000a000 08:02 1180209                    /lib/x86_64-linux-gnu/libnss_compat-2.31.so
7f957c505000-7f957c506000 ---p 00000000 00:00 0 
7f957c506000-7f957c507000 r--p 00000000 00:00 0 
7f957c507000-7f957c509000 r--p 00000000 08:02 3149486                    /usr/lib/jvm/java-17-openjdk-amd64/lib/libjimage.so
7f957c509000-7f957c50c000 r-xp 00002000 08:02 3149486                    /usr/lib/jvm/java-17-openjdk-amd64/lib/libjimage.so
7f957c50c000-7f957c50d000 r--p 00005000 08:02 3149486                    /usr/lib/jvm/java-17-openjdk-amd64/lib/libjimage.so
7f957c50d000-7f957c50e000 ---p 00006000 08:02 3149486                    /usr/lib/jvm/java-17-openjdk-amd64/lib/libjimage.so
7f957c50e000-7f957c50f000 r--p 00006000 08:02 3149486                    /usr/lib/jvm/java-17-openjdk-amd64/lib/libjimage.so
7f957c50f000-7f957c510000 rw-p 00007000 08:02 3149486                    /usr/lib/jvm/java-17-openjdk-amd64/lib/libjimage.so
7f957c510000-7f957c512000 r--p 00000000 08:02 3149487                    /usr/lib/jvm/java-17-openjdk-amd64/lib/libjli.so
7f957c512000-7f957c51c000 r-xp 00002000 08:02 3149487                    /usr/lib/jvm/java-17-openjdk-amd64/lib/libjli.so
7f957c51c000-7f957c51f000 r--p 0000c000 08:02 3149487                    /usr/lib/jvm/java-17-openjdk-amd64/lib/libjli.so
7f957c51f000-7f957c520000 ---p 0000f000 08:02 3149487                    /usr/lib/jvm/java-17-openjdk-amd64/lib/libjli.so
7f957c520000-7f957c521000 r--p 0000f000 08:02 3149487                    /usr/lib/jvm/java-17-openjdk-amd64/lib/libjli.so
7f957c521000-7f957c522000 rw-p 00010000 08:02 3149487                    /usr/lib/jvm/java-17-openjdk-amd64/lib/libjli.so
7f957c522000-7f957c524000 rw-p 00000000 00:00 0 
7f957c524000-7f957c525000 r--p 00000000 08:02 1179753                    /lib/x86_64-linux-gnu/ld-2.31.so
7f957c525000-7f957c548000 r-xp 00001000 08:02 1179753                    /lib/x86_64-linux-gnu/ld-2.31.so
7f957c548000-7f957c550000 r--p 00024000 08:02 1179753                    /lib/x86_64-linux-gnu/ld-2.31.so
7f957c550000-7f957c551000 ---p 00000000 00:00 0 
7f957c551000-7f957c552000 r--p 0002c000 08:02 1179753                    /lib/x86_64-linux-gnu/ld-2.31.so
7f957c552000-7f957c553000 rw-p 0002d000 08:02 1179753                    /lib/x86_64-linux-gnu/ld-2.31.so
7f957c553000-7f957c554000 rw-p 00000000 00:00 0 
7ffcbd563000-7ffcbd567000 ---p 00000000 00:00 0 
7ffcbdd41000-7ffcbdd63000 rw-p 00000000 00:00 0                          [stack]
7ffcbdd8d000-7ffcbdd90000 r--p 00000000 00:00 0                          [vvar]
7ffcbdd90000-7ffcbdd91000 r-xp 00000000 00:00 0                          [vdso]
ffffffffff600000-ffffffffff601000 --xp 00000000 00:00 0                  [vsyscall]


VM Arguments:
jvm_args: -ea -Dfile.encoding=UTF-8 -XX:+ShowCodeDetailsInExceptionMessages 
java_command: org.eclipse.jdt.internal.junit.runner.RemoteTestRunner -version 3 -port 35485 -testLoaderClass org.eclipse.jdt.internal.junit5.runner.JUnit5TestLoader -loaderpluginname org.eclipse.jdt.junit5.runtime -classNames calculator.PostfixTest
java_class_path (initial): /home/cim/ug/zkac355/Documents/Year2/2800/gitrepros/CS2800/calculator/target/test-classes:/home/cim/ug/zkac355/Documents/Year2/2800/gitrepros/CS2800/calculator/target/classes:/rmt/nas/apps/x86_64Linux/eclipse-java-2022-06/plugins/org.junit.jupiter.api_5.8.1.v20211018-1956.jar:/rmt/nas/apps/x86_64Linux/eclipse-java-2022-06/plugins/org.junit.jupiter.engine_5.8.1.v20211018-1956.jar:/rmt/nas/apps/x86_64Linux/eclipse-java-2022-06/plugins/org.junit.jupiter.migrationsupport_5.8.1.v20211018-1956.jar:/rmt/nas/apps/x86_64Linux/eclipse-java-2022-06/plugins/org.junit.jupiter.params_5.8.1.v20211018-1956.jar:/rmt/nas/apps/x86_64Linux/eclipse-java-2022-06/plugins/org.junit.platform.commons_1.8.1.v20211018-1956.jar:/rmt/nas/apps/x86_64Linux/eclipse-java-2022-06/plugins/org.junit.platform.engine_1.8.1.v20211018-1956.jar:/rmt/nas/apps/x86_64Linux/eclipse-java-2022-06/plugins/org.junit.platform.launcher_1.8.1.v20211018-1956.jar:/rmt/nas/apps/x86_64Linux/eclipse-java-2022-06/plugins/org.junit.platform.runner_1.8.1.v20211018-1956.jar:/rmt/nas/apps/x86_64Linux/eclipse-java-2022-06/plugins/org.junit.platform.suite.api_1.8.1.v20211018-1956.jar:/rmt/nas/apps/x86_64Linux/eclipse-java-2022-06/plugins/org.junit.platform.suite.engine_1.8.1.v20211028-1957.jar:/rmt/nas/apps/x86_64Linux/eclipse-java-2022-06/plugins/org.junit.platform.suite.commons_1.8.1.v20211018-1956.jar:/rmt/nas/apps/x86_64Linux/eclipse-java-2022-06/plugins/org.junit.vintage.engine_5.8.1.v20211018-1956.jar:/rmt/nas/apps/x86_64Linux/eclipse-java-2022-06/plugins/org.opentest4j_1.2.0.v20211018-1956.jar:/rmt/nas/apps/x86_64Linux/eclipse-java-2022-06/plugins/org.apiguardian_1.1.2.v20211018-1956.jar:/rmt/nas/apps/x86_64Linux/eclipse-java-2022-06/plugins/org.junit_4.13.2.v20211018-1956.jar:/rmt/nas/apps/x86_64Linux/eclipse-java-2022-06/plugins/org.hamcrest.core_1.3.0.v20180420-1519.jar:/home/cim/ug/zkac355/.m2/repository/org/junit/jupiter/junit-jupiter-engine/5.4.0/junit-jupiter-engine-5.4.0.jar:/home/cim/u
Launcher Type: SUN_STANDARD

[Global flags]
     intx CICompilerCount                          = 12                                        {product} {ergonomic}
     uint ConcGCThreads                            = 5                                         {product} {ergonomic}
     uint G1ConcRefinementThreads                  = 18                                        {product} {ergonomic}
   size_t G1HeapRegionSize                         = 16777216                                  {product} {ergonomic}
    uintx GCDrainStackTargetSize                   = 64                                        {product} {ergonomic}
   size_t InitialHeapSize                          = 2147483648                                {product} {ergonomic}
   size_t MarkStackSize                            = 4194304                                   {product} {ergonomic}
   size_t MaxHeapSize                              = 32178700288                               {product} {ergonomic}
   size_t MinHeapDeltaBytes                        = 16777216                                  {product} {ergonomic}
   size_t MinHeapSize                              = 16777216                                  {product} {ergonomic}
    uintx NonNMethodCodeHeapSize                   = 7602480                                {pd product} {ergonomic}
    uintx NonProfiledCodeHeapSize                  = 122027880                              {pd product} {ergonomic}
    uintx ProfiledCodeHeapSize                     = 122027880                              {pd product} {ergonomic}
    uintx ReservedCodeCacheSize                    = 251658240                              {pd product} {ergonomic}
     bool SegmentedCodeCache                       = true                                      {product} {ergonomic}
     bool ShowCodeDetailsInExceptionMessages       = true                                   {manageable} {command line}
   size_t SoftMaxHeapSize                          = 32178700288                            {manageable} {ergonomic}
     bool UseCompressedClassPointers               = true                           {product lp64_product} {ergonomic}
     bool UseCompressedOops                        = true                           {product lp64_product} {ergonomic}
     bool UseG1GC                                  = true                                      {product} {ergonomic}

Logging:
Log output configuration:
 #0: stdout all=warning uptime,level,tags
 #1: stderr all=off uptime,level,tags

Environment Variables:
CLASSPATH=.:/apps/jade/lib/jade.jar:/apps/share/java/rhulDrawing
PATH=/usr/local/sbin:/usr/local/bin:/usr/sbin:/usr/bin:/sbin:/bin:/opt/puppetlabs/bin:/apps/x86_64Linux/blast/bin:/apps/x86_64Linux/hmmer:/apps/apache-jena/bin:/apps/pellet/bin:/opt/mpich/ch-p4/bin
USERNAME=zkac355
SHELL=/bin/bash
DISPLAY=:1017.0
LANG=en_GB.UTF-8

Signal Handlers:
   SIGSEGV: 0x00007f957be67d60 in libjvm.so+16104800, mask=11100100010111111101111111111110, flags=SA_RESTART|SA_SIGINFO
    SIGBUS: 0x00007f957be67d60 in libjvm.so+16104800, mask=11100100010111111101111111111110, flags=SA_RESTART|SA_SIGINFO
    SIGFPE: 0x00007f957be67d60 in libjvm.so+16104800, mask=11100100010111111101111111111110, flags=SA_RESTART|SA_SIGINFO
   SIGPIPE: 0x00007f957bd09b30 in libjvm.so+14670640, mask=11100100010111111101111111111110, flags=SA_RESTART|SA_SIGINFO
   SIGXFSZ: 0x00007f957bd09b30 in libjvm.so+14670640, mask=11100100010111111101111111111110, flags=SA_RESTART|SA_SIGINFO
    SIGILL: 0x00007f957be67d60 in libjvm.so+16104800, mask=11100100010111111101111111111110, flags=SA_RESTART|SA_SIGINFO
   SIGUSR2: 0x00007f957bd091a0 in libjvm.so+14668192, mask=00100000000000000000000000000000, flags=SA_RESTART|SA_SIGINFO
    SIGHUP: SIG_DFL, mask=00000000000000000000000000000000, flags=none
    SIGINT: SIG_DFL, mask=00000000000000000000000000000000, flags=none
   SIGTERM: SIG_DFL, mask=00000000000000000000000000000000, flags=none
   SIGQUIT: 0x00007f957bd09b30 in libjvm.so+14670640, mask=11100100010111111101111111111110, flags=SA_RESTART|SA_SIGINFO
   SIGTRAP: 0x00007f957be67d60 in libjvm.so+16104800, mask=11100100010111111101111111111110, flags=SA_RESTART|SA_SIGINFO


---------------  S Y S T E M  ---------------

OS:
DISTRIB_ID=Ubuntu
DISTRIB_RELEASE=20.04
DISTRIB_CODENAME=focal
DISTRIB_DESCRIPTION="Ubuntu 20.04.5 LTS"
uname: Linux 5.4.0-132-generic #148-Ubuntu SMP Mon Oct 17 16:02:06 UTC 2022 x86_64
OS uptime: 4 days 16:04 hours
libc: glibc 2.31 NPTL 2.31 
rlimit (soft/hard): STACK 8192k/300000k , CORE 0k/infinity , NPROC 800/1000 , NOFILE 1048576/1048576 , AS 67108864k/268435456k , CPU infinity/infinity , DATA infinity/infinity , FSIZE infinity/infinity , MEMLOCK 65536k/65536k
load average: 6.21 3.46 2.87

/proc/meminfo:
MemTotal:       198078772 kB
MemFree:        122019032 kB
MemAvailable:   163243728 kB
Buffers:         1353300 kB
Cached:         38924052 kB
SwapCached:            0 kB
Active:         46105388 kB
Inactive:       22579444 kB
Active(anon):   28732012 kB
Inactive(anon):  1516024 kB
Active(file):   17373376 kB
Inactive(file): 21063420 kB
Unevictable:        2080 kB
Mlocked:            2080 kB
SwapTotal:      31249404 kB
SwapFree:       31249404 kB
Dirty:              2644 kB
Writeback:           160 kB
AnonPages:      28409564 kB
Mapped:          3390936 kB
Shmem:           1874688 kB
KReclaimable:    4240876 kB
Slab:            5888988 kB
SReclaimable:    4240876 kB
SUnreclaim:      1648112 kB
KernelStack:      146912 kB
PageTables:       288920 kB
NFS_Unstable:        248 kB
Bounce:                0 kB
WritebackTmp:          0 kB
CommitLimit:    130288788 kB
Committed_AS:   90930484 kB
VmallocTotal:   34359738367 kB
VmallocUsed:      391860 kB
VmallocChunk:          0 kB
Percpu:           226304 kB
HardwareCorrupted:     0 kB
AnonHugePages:         0 kB
ShmemHugePages:        0 kB
ShmemPmdMapped:        0 kB
FileHugePages:         0 kB
FilePmdMapped:         0 kB
CmaTotal:              0 kB
CmaFree:               0 kB
HugePages_Total:       0
HugePages_Free:        0
HugePages_Rsvd:        0
HugePages_Surp:        0
Hugepagesize:       2048 kB
Hugetlb:               0 kB
DirectMap4k:     3815296 kB
DirectMap2M:    94750720 kB
DirectMap1G:    104857600 kB

/sys/kernel/mm/transparent_hugepage/enabled: always [madvise] never
/sys/kernel/mm/transparent_hugepage/defrag (defrag/compaction efforts parameter): always defer defer+madvise [madvise] never

Process Memory:
Virtual Size: 33026584K (peak: 33026604K)
Resident Set Size: 17064K (peak: 17064K) (anon: 3044K, file: 13988K, shmem: 32K)
Swapped out: 0K
C-Heap outstanding allocations: 20462K, retained: 129K
glibc malloc tunables: (default)

/proc/sys/kernel/threads-max (system-wide limit on the number of threads): 1546984
/proc/sys/vm/max_map_count (maximum number of memory map areas a process may have): 65530
/proc/sys/kernel/pid_max (system-wide limit on number of process identifiers): 4194304

container (cgroup) information:
container_type: cgroupv1
cpu_cpuset_cpus: 0-23
cpu_memory_nodes: 0-1
active_processor_count: 24
cpu_quota: no quota
cpu_period: 100000
cpu_shares: no shares
memory_limit_in_bytes: unlimited
memory_and_swap_limit_in_bytes: not supported
memory_soft_limit_in_bytes: unlimited
memory_usage_in_bytes: 3116032 k
memory_max_usage_in_bytes: 3160392 k
maximum number of tasks: unlimited
current number of tasks: 757

VMWare virtualization detected
Steal ticks since vm start: 0
Steal ticks percentage since vm start:  0.000

CPU: total 24 (initial active 24) (1 cores per cpu, 1 threads per core) family 6 model 79 stepping 1 microcode 0xb00003a, cx8, cmov, fxsr, mmx, 3dnowpref, sse, sse2, sse3, ssse3, sse4.1, sse4.2, popcnt, lzcnt, tsc, tscinvbit, avx, avx2, aes, erms, clmul, bmi1, bmi2, adx, fma, vzeroupper, clflush, hv
CPU Model and flags from /proc/cpuinfo:
model name	: Intel(R) Xeon(R) CPU E5-2683 v4 @ 2.10GHz
flags		: fpu vme de pse tsc msr pae mce cx8 apic sep mtrr pge mca cmov pat pse36 clflush dts mmx fxsr sse sse2 ss syscall nx pdpe1gb rdtscp lm constant_tsc arch_perfmon pebs bts nopl xtopology tsc_reliable nonstop_tsc cpuid pni pclmulqdq ssse3 fma cx16 pcid sse4_1 sse4_2 x2apic movbe popcnt tsc_deadline_timer aes xsave avx f16c rdrand hypervisor lahf_lm abm 3dnowprefetch cpuid_fault invpcid_single pti ssbd ibrs ibpb stibp fsgsbase tsc_adjust bmi1 avx2 smep bmi2 invpcid rdseed adx smap xsaveopt arat md_clear flush_l1d arch_capabilities

Online cpus: 0-23
Offline cpus: 
BIOS frequency limitation: <Not Available>
Frequency switch latency (ns): <Not Available>
Available cpu frequencies: <Not Available>
Current governor: <Not Available>
Core performance/turbo boost: <Not Available>

Memory: 4k page, physical 198078772k(122019480k free), swap 31249404k(31249404k free)
Page Sizes: 4k

vm_info: OpenJDK 64-Bit Server VM (17.0.5+8-Ubuntu-2ubuntu120.04) for linux-amd64 JRE (17.0.5+8-Ubuntu-2ubuntu120.04), built on Oct 25 2022 13:05:40 by "buildd" with gcc 9.4.0

END.
