#
# There is insufficient memory for the Java Runtime Environment to continue.
# Cannot create worker GC thread. Out of system resources.
# Possible reasons:
#   The system is out of physical RAM or swap space
#   The process is running with CompressedOops enabled, and the Java Heap may be blocking the growth of the native heap
# Possible solutions:
#   Reduce memory load on the system
#   Increase physical memory or swap space
#   Check if swap backing store is full
#   Decrease Java heap size (-Xmx/-Xms)
#   Decrease number of Java threads
#   Decrease Java thread stack sizes (-Xss)
#   Set larger code cache with -XX:ReservedCodeCacheSize=
#   JVM is running with Zero Based Compressed Oops mode in which the Java heap is
#     placed in the first 32GB address space. The Java Heap base address is the
#     maximum limit for the native heap growth. Please use -XX:HeapBaseMinAddress
#     to set the Java Heap base and to place the Java Heap above 32GB virtual address.
# This output file may be truncated or incomplete.
#
#  Out of Memory Error (workerManager.hpp:87), pid=1949212, tid=1949212
#
# JRE version:  (17.0.4+8) (build )
# Java VM: OpenJDK 64-Bit Server VM (17.0.4+8-Ubuntu-120.04, mixed mode, sharing, tiered, compressed oops, compressed class ptrs, g1 gc, linux-amd64)
# Core dump will be written. Default location: Core dumps may be processed with "/usr/share/apport/apport -p%p -s%s -c%c -d%d -P%P -u%u -g%g -- %E" (or dumping to /home/cim/ug/zkac355/Documents/Year2/2800/gitrepros/CS2800/calculator/core.1949212)
#

---------------  S U M M A R Y ------------

Command Line: -Dmaven.home=EMBEDDED -Dclassworlds.conf=/home/cim/ug/zkac355/eclipse-workspace/.metadata/.plugins/org.eclipse.m2e.launching/launches/m2conf17448357754529713790.tmp -Dmaven.multiModuleProjectDirectory=/home/cim/ug/zkac355/Documents/Year2/2800/gitrepros/CS2800/calculator -Dfile.encoding=UTF-8 -XX:+ShowCodeDetailsInExceptionMessages org.codehaus.plexus.classworlds.launcher.Launcher -B clean compile javafx:run

Host: Intel(R) Xeon(R) CPU E5-2683 v4 @ 2.10GHz, 24 cores, 188G, Ubuntu 20.04.5 LTS
Time: Mon Nov  7 22:03:44 2022 GMT elapsed time: 0.012223 seconds (0d 0h 0m 0s)

---------------  T H R E A D  ---------------

Current thread (0x0000560b97feca70):  JavaThread "Unknown thread" [_thread_in_vm, id=1949212, stack(0x00007ffddccbd000,0x00007ffddd4bb000)]

Stack: [0x00007ffddccbd000,0x00007ffddd4bb000],  sp=0x00007ffddd4b5960,  free space=8162k
Native frames: (J=compiled Java code, j=interpreted, Vv=VM code, C=native code)
V  [libjvm.so+0xf5aa45]
V  [libjvm.so+0xf5b6f1]
V  [libjvm.so+0x617bb7]
V  [libjvm.so+0xf8ed71]
V  [libjvm.so+0xf8ef4d]
V  [libjvm.so+0x701119]
V  [libjvm.so+0xf07b56]
V  [libjvm.so+0x810f5b]
V  [libjvm.so+0xeddc1f]
V  [libjvm.so+0x8dadf5]  JNI_CreateJavaVM+0x55
C  [libjli.so+0x3e01]
C  [libjli.so+0x9148]
C  [libjli.so+0x5e11]
C  [libjli.so+0x7825]  JLI_Launch+0x1805
C  [java+0x12b3]


---------------  P R O C E S S  ---------------

Threads class SMR info:
_java_thread_list=0x00007f095f60c3a0, length=0, elements={
}

Java Threads: ( => current thread )

Other Threads:

[error occurred during error reporting (printing all threads), id 0xb, SIGSEGV (0xb) at pc=0x00007f095e979e94]

VM state: not at safepoint (not fully initialized)

VM Mutex/Monitor currently owned by a thread:  ([mutex/lock_event])
[0x0000560b97fe8d80] Heap_lock - owner thread: 0x0000560b97feca70

Heap address: 0x0000000082000000, size: 30688 MB, Compressed Oops mode: Zero based, Oop shift amount: 3

CDS archive(s) mapped at: [0x0000000000000000-0x0000000000000000-0x0000000000000000), size 0, SharedBaseAddress: 0x0000000800000000, ArchiveRelocationMode: 0.
Narrow klass base: 0x0000000000000000, Narrow klass shift: 0, Narrow klass range: 0x0

GC Precious Log:
<Empty>

Heap:
 garbage-first heap   total 0K, used 0K [0x0000000082000000, 0x0000000800000000)
  region size 16384K, 0 young (0K), 0 survivors (0K)

[error occurred during error reporting (printing heap information), id 0xb, SIGSEGV (0xb) at pc=0x00007f095ef4285e]

GC Heap History (0 events):
No events

Deoptimization events (0 events):
No events

Classes unloaded (0 events):
No events

Classes redefined (0 events):
No events

Internal exceptions (0 events):
No events

VM Operations (0 events):
No events

Events (3 events):
Event: 0.003 Protecting memory [0x00007ffddccbd000,0x00007ffddccc1000] with protection modes 0
Event: 0.004 Loaded shared library /usr/lib/jvm/java-17-openjdk-amd64/lib/libjava.so
Event: 0.004 Loaded shared library /usr/lib/jvm/java-17-openjdk-amd64/lib/libzip.so


Dynamic libraries:
82000000-800000000 ---p 00000000 00:00 0 
560b978c4000-560b978c5000 r--p 00000000 08:02 3149514                    /usr/lib/jvm/java-17-openjdk-amd64/bin/java
560b978c5000-560b978c6000 r-xp 00001000 08:02 3149514                    /usr/lib/jvm/java-17-openjdk-amd64/bin/java
560b978c6000-560b978c7000 r--p 00002000 08:02 3149514                    /usr/lib/jvm/java-17-openjdk-amd64/bin/java
560b978c7000-560b978c8000 r--p 00002000 08:02 3149514                    /usr/lib/jvm/java-17-openjdk-amd64/bin/java
560b978c8000-560b978c9000 rw-p 00003000 08:02 3149514                    /usr/lib/jvm/java-17-openjdk-amd64/bin/java
560b97fc1000-560b98045000 rw-p 00000000 00:00 0                          [heap]
7f08fdcf2000-7f08fdcf3000 ---p 00000000 00:00 0 
7f08fdcf3000-7f08fdf60000 rw-p 00000000 00:00 0 
7f08fdf60000-7f0945230000 ---p 00000000 00:00 0 
7f0945230000-7f0946537000 rw-p 00000000 00:00 0 
7f0946537000-7f094661b000 ---p 00000000 00:00 0 
7f094661b000-7f0946620000 rw-p 00000000 00:00 0 
7f0946620000-7f0946704000 ---p 00000000 00:00 0 
7f0946704000-7f0946974000 rwxp 00000000 00:00 0 
7f0946974000-7f0946e45000 ---p 00000000 00:00 0 
7f0946e45000-7f09470b5000 rwxp 00000000 00:00 0 
7f09470b5000-7f094e2a4000 ---p 00000000 00:00 0 
7f094e2a4000-7f094e514000 rwxp 00000000 00:00 0 
7f094e514000-7f0955704000 ---p 00000000 00:00 0 
7f0955704000-7f0955710000 r--p 00000000 08:02 3157305                    /usr/lib/jvm/java-17-openjdk-amd64/lib/libjava.so
7f0955710000-7f0955723000 r-xp 0000c000 08:02 3157305                    /usr/lib/jvm/java-17-openjdk-amd64/lib/libjava.so
7f0955723000-7f0955729000 r--p 0001f000 08:02 3157305                    /usr/lib/jvm/java-17-openjdk-amd64/lib/libjava.so
7f0955729000-7f095572a000 ---p 00025000 08:02 3157305                    /usr/lib/jvm/java-17-openjdk-amd64/lib/libjava.so
7f095572a000-7f095572b000 r--p 00025000 08:02 3157305                    /usr/lib/jvm/java-17-openjdk-amd64/lib/libjava.so
7f095572b000-7f095572c000 rw-p 00026000 08:02 3157305                    /usr/lib/jvm/java-17-openjdk-amd64/lib/libjava.so
7f095572c000-7f095572d000 rw-p 00000000 00:00 0 
7f095572d000-7f0955f32000 r--s 00000000 08:02 1441842                    /var/lib/sss/mc/passwd
7f0955f32000-7f0955f34000 r--p 00000000 08:02 1179752                    /lib/x86_64-linux-gnu/libnss_sss.so.2
7f0955f34000-7f0955f3a000 r-xp 00002000 08:02 1179752                    /lib/x86_64-linux-gnu/libnss_sss.so.2
7f0955f3a000-7f0955f3c000 r--p 00008000 08:02 1179752                    /lib/x86_64-linux-gnu/libnss_sss.so.2
7f0955f3c000-7f0955f3d000 r--p 00009000 08:02 1179752                    /lib/x86_64-linux-gnu/libnss_sss.so.2
7f0955f3d000-7f0955f3e000 rw-p 0000a000 08:02 1179752                    /lib/x86_64-linux-gnu/libnss_sss.so.2
7f0955f46000-7f0955f4b000 rw-p 00000000 00:00 0 
7f0955f4b000-7f0955f55000 ---p 00000000 00:00 0 
7f0955f55000-7f0955f57000 r--p 00000000 08:02 3157326                    /usr/lib/jvm/java-17-openjdk-amd64/lib/libzip.so
7f0955f57000-7f0955f5c000 r-xp 00002000 08:02 3157326                    /usr/lib/jvm/java-17-openjdk-amd64/lib/libzip.so
7f0955f5c000-7f0955f5e000 r--p 00007000 08:02 3157326                    /usr/lib/jvm/java-17-openjdk-amd64/lib/libzip.so
7f0955f5e000-7f0955f5f000 r--p 00008000 08:02 3157326                    /usr/lib/jvm/java-17-openjdk-amd64/lib/libzip.so
7f0955f5f000-7f0955f60000 rw-p 00009000 08:02 3157326                    /usr/lib/jvm/java-17-openjdk-amd64/lib/libzip.so
7f0955f60000-7f095de20000 r--s 00000000 08:02 3157327                    /usr/lib/jvm/java-17-openjdk-amd64/lib/modules
7f095de20000-7f095df21000 rw-p 00000000 00:00 0 
7f095df21000-7f095df24000 r--p 00000000 08:02 1182456                    /lib/x86_64-linux-gnu/libgcc_s.so.1
7f095df24000-7f095df36000 r-xp 00003000 08:02 1182456                    /lib/x86_64-linux-gnu/libgcc_s.so.1
7f095df36000-7f095df3a000 r--p 00015000 08:02 1182456                    /lib/x86_64-linux-gnu/libgcc_s.so.1
7f095df3a000-7f095df3b000 r--p 00018000 08:02 1182456                    /lib/x86_64-linux-gnu/libgcc_s.so.1
7f095df3b000-7f095df3c000 rw-p 00019000 08:02 1182456                    /lib/x86_64-linux-gnu/libgcc_s.so.1
7f095df3c000-7f095df49000 r--p 00000000 08:02 1179902                    /lib/x86_64-linux-gnu/libm-2.31.so
7f095df49000-7f095dff0000 r-xp 0000d000 08:02 1179902                    /lib/x86_64-linux-gnu/libm-2.31.so
7f095dff0000-7f095e089000 r--p 000b4000 08:02 1179902                    /lib/x86_64-linux-gnu/libm-2.31.so
7f095e089000-7f095e08a000 r--p 0014c000 08:02 1179902                    /lib/x86_64-linux-gnu/libm-2.31.so
7f095e08a000-7f095e08b000 rw-p 0014d000 08:02 1179902                    /lib/x86_64-linux-gnu/libm-2.31.so
7f095e08b000-7f095e121000 r--p 00000000 08:02 1966267                    /usr/lib/x86_64-linux-gnu/libstdc++.so.6.0.28
7f095e121000-7f095e212000 r-xp 00096000 08:02 1966267                    /usr/lib/x86_64-linux-gnu/libstdc++.so.6.0.28
7f095e212000-7f095e25b000 r--p 00187000 08:02 1966267                    /usr/lib/x86_64-linux-gnu/libstdc++.so.6.0.28
7f095e25b000-7f095e25c000 ---p 001d0000 08:02 1966267                    /usr/lib/x86_64-linux-gnu/libstdc++.so.6.0.28
7f095e25c000-7f095e267000 r--p 001d0000 08:02 1966267                    /usr/lib/x86_64-linux-gnu/libstdc++.so.6.0.28
7f095e267000-7f095e26a000 rw-p 001db000 08:02 1966267                    /usr/lib/x86_64-linux-gnu/libstdc++.so.6.0.28
7f095e26a000-7f095e26d000 rw-p 00000000 00:00 0 
7f095e26d000-7f095e4bd000 r--p 00000000 08:02 3157331                    /usr/lib/jvm/java-17-openjdk-amd64/lib/server/libjvm.so
7f095e4bd000-7f095f24a000 r-xp 00250000 08:02 3157331                    /usr/lib/jvm/java-17-openjdk-amd64/lib/server/libjvm.so
7f095f24a000-7f095f4cf000 r--p 00fdd000 08:02 3157331                    /usr/lib/jvm/java-17-openjdk-amd64/lib/server/libjvm.so
7f095f4cf000-7f095f4d0000 ---p 01262000 08:02 3157331                    /usr/lib/jvm/java-17-openjdk-amd64/lib/server/libjvm.so
7f095f4d0000-7f095f588000 r--p 01262000 08:02 3157331                    /usr/lib/jvm/java-17-openjdk-amd64/lib/server/libjvm.so
7f095f588000-7f095f5bd000 rw-p 0131a000 08:02 3157331                    /usr/lib/jvm/java-17-openjdk-amd64/lib/server/libjvm.so
7f095f5bd000-7f095f618000 rw-p 00000000 00:00 0 
7f095f618000-7f095f61e000 r--p 00000000 08:02 1179913                    /lib/x86_64-linux-gnu/libpthread-2.31.so
7f095f61e000-7f095f62f000 r-xp 00006000 08:02 1179913                    /lib/x86_64-linux-gnu/libpthread-2.31.so
7f095f62f000-7f095f635000 r--p 00017000 08:02 1179913                    /lib/x86_64-linux-gnu/libpthread-2.31.so
7f095f635000-7f095f636000 r--p 0001c000 08:02 1179913                    /lib/x86_64-linux-gnu/libpthread-2.31.so
7f095f636000-7f095f637000 rw-p 0001d000 08:02 1179913                    /lib/x86_64-linux-gnu/libpthread-2.31.so
7f095f637000-7f095f63b000 rw-p 00000000 00:00 0 
7f095f63b000-7f095f63c000 r--p 00000000 08:02 1179901                    /lib/x86_64-linux-gnu/libdl-2.31.so
7f095f63c000-7f095f63e000 r-xp 00001000 08:02 1179901                    /lib/x86_64-linux-gnu/libdl-2.31.so
7f095f63e000-7f095f63f000 r--p 00003000 08:02 1179901                    /lib/x86_64-linux-gnu/libdl-2.31.so
7f095f63f000-7f095f640000 r--p 00003000 08:02 1179901                    /lib/x86_64-linux-gnu/libdl-2.31.so
7f095f640000-7f095f641000 rw-p 00004000 08:02 1179901                    /lib/x86_64-linux-gnu/libdl-2.31.so
7f095f641000-7f095f643000 r--p 00000000 08:02 1180262                    /lib/x86_64-linux-gnu/libz.so.1.2.11
7f095f643000-7f095f654000 r-xp 00002000 08:02 1180262                    /lib/x86_64-linux-gnu/libz.so.1.2.11
7f095f654000-7f095f65a000 r--p 00013000 08:02 1180262                    /lib/x86_64-linux-gnu/libz.so.1.2.11
7f095f65a000-7f095f65b000 ---p 00019000 08:02 1180262                    /lib/x86_64-linux-gnu/libz.so.1.2.11
7f095f65b000-7f095f65c000 r--p 00019000 08:02 1180262                    /lib/x86_64-linux-gnu/libz.so.1.2.11
7f095f65c000-7f095f65d000 rw-p 0001a000 08:02 1180262                    /lib/x86_64-linux-gnu/libz.so.1.2.11
7f095f65d000-7f095f67f000 r--p 00000000 08:02 1179898                    /lib/x86_64-linux-gnu/libc-2.31.so
7f095f67f000-7f095f7f7000 r-xp 00022000 08:02 1179898                    /lib/x86_64-linux-gnu/libc-2.31.so
7f095f7f7000-7f095f845000 r--p 0019a000 08:02 1179898                    /lib/x86_64-linux-gnu/libc-2.31.so
7f095f845000-7f095f849000 r--p 001e7000 08:02 1179898                    /lib/x86_64-linux-gnu/libc-2.31.so
7f095f849000-7f095f84b000 rw-p 001eb000 08:02 1179898                    /lib/x86_64-linux-gnu/libc-2.31.so
7f095f84b000-7f095f84f000 rw-p 00000000 00:00 0 
7f095f850000-7f095f852000 r--s 0000c000 08:02 3277189                    /usr/share/java/java-atk-wrapper.jar
7f095f852000-7f095f85a000 rw-s 00000000 00:32 3009                       /tmp/hsperfdata_zkac355/1949212
7f095f85a000-7f095f85c000 r--p 00000000 08:02 1179906                    /lib/x86_64-linux-gnu/libnss_compat-2.31.so
7f095f85c000-7f095f863000 r-xp 00002000 08:02 1179906                    /lib/x86_64-linux-gnu/libnss_compat-2.31.so
7f095f863000-7f095f864000 r--p 00009000 08:02 1179906                    /lib/x86_64-linux-gnu/libnss_compat-2.31.so
7f095f864000-7f095f865000 r--p 00009000 08:02 1179906                    /lib/x86_64-linux-gnu/libnss_compat-2.31.so
7f095f865000-7f095f866000 rw-p 0000a000 08:02 1179906                    /lib/x86_64-linux-gnu/libnss_compat-2.31.so
7f095f866000-7f095f867000 ---p 00000000 00:00 0 
7f095f867000-7f095f868000 r--p 00000000 00:00 0 
7f095f868000-7f095f86a000 r--p 00000000 08:02 3157308                    /usr/lib/jvm/java-17-openjdk-amd64/lib/libjimage.so
7f095f86a000-7f095f86d000 r-xp 00002000 08:02 3157308                    /usr/lib/jvm/java-17-openjdk-amd64/lib/libjimage.so
7f095f86d000-7f095f86e000 r--p 00005000 08:02 3157308                    /usr/lib/jvm/java-17-openjdk-amd64/lib/libjimage.so
7f095f86e000-7f095f86f000 ---p 00006000 08:02 3157308                    /usr/lib/jvm/java-17-openjdk-amd64/lib/libjimage.so
7f095f86f000-7f095f870000 r--p 00006000 08:02 3157308                    /usr/lib/jvm/java-17-openjdk-amd64/lib/libjimage.so
7f095f870000-7f095f871000 rw-p 00007000 08:02 3157308                    /usr/lib/jvm/java-17-openjdk-amd64/lib/libjimage.so
7f095f871000-7f095f873000 r--p 00000000 08:02 3157309                    /usr/lib/jvm/java-17-openjdk-amd64/lib/libjli.so
7f095f873000-7f095f87d000 r-xp 00002000 08:02 3157309                    /usr/lib/jvm/java-17-openjdk-amd64/lib/libjli.so
7f095f87d000-7f095f880000 r--p 0000c000 08:02 3157309                    /usr/lib/jvm/java-17-openjdk-amd64/lib/libjli.so
7f095f880000-7f095f881000 ---p 0000f000 08:02 3157309                    /usr/lib/jvm/java-17-openjdk-amd64/lib/libjli.so
7f095f881000-7f095f882000 r--p 0000f000 08:02 3157309                    /usr/lib/jvm/java-17-openjdk-amd64/lib/libjli.so
7f095f882000-7f095f883000 rw-p 00010000 08:02 3157309                    /usr/lib/jvm/java-17-openjdk-amd64/lib/libjli.so
7f095f883000-7f095f885000 rw-p 00000000 00:00 0 
7f095f885000-7f095f886000 r--p 00000000 08:02 1179887                    /lib/x86_64-linux-gnu/ld-2.31.so
7f095f886000-7f095f8a9000 r-xp 00001000 08:02 1179887                    /lib/x86_64-linux-gnu/ld-2.31.so
7f095f8a9000-7f095f8b1000 r--p 00024000 08:02 1179887                    /lib/x86_64-linux-gnu/ld-2.31.so
7f095f8b1000-7f095f8b2000 ---p 00000000 00:00 0 
7f095f8b2000-7f095f8b3000 r--p 0002c000 08:02 1179887                    /lib/x86_64-linux-gnu/ld-2.31.so
7f095f8b3000-7f095f8b4000 rw-p 0002d000 08:02 1179887                    /lib/x86_64-linux-gnu/ld-2.31.so
7f095f8b4000-7f095f8b5000 rw-p 00000000 00:00 0 
7ffddccbd000-7ffddccc1000 ---p 00000000 00:00 0 
7ffddd49c000-7ffddd4bd000 rw-p 00000000 00:00 0                          [stack]
7ffddd4ea000-7ffddd4ed000 r--p 00000000 00:00 0                          [vvar]
7ffddd4ed000-7ffddd4ee000 r-xp 00000000 00:00 0                          [vdso]
ffffffffff600000-ffffffffff601000 --xp 00000000 00:00 0                  [vsyscall]


VM Arguments:
jvm_args: -Dmaven.home=EMBEDDED -Dclassworlds.conf=/home/cim/ug/zkac355/eclipse-workspace/.metadata/.plugins/org.eclipse.m2e.launching/launches/m2conf17448357754529713790.tmp -Dmaven.multiModuleProjectDirectory=/home/cim/ug/zkac355/Documents/Year2/2800/gitrepros/CS2800/calculator -Dfile.encoding=UTF-8 -XX:+ShowCodeDetailsInExceptionMessages 
java_command: org.codehaus.plexus.classworlds.launcher.Launcher -B clean compile javafx:run
java_class_path (initial): /rmt/nas/apps/x86_64Linux/eclipse-java-2022-06/plugins/org.eclipse.m2e.maven.runtime_1.18.3.20220227-1319/jars/plexus-classworlds-2.6.0.jar
Launcher Type: SUN_STANDARD

[Global flags]
     intx CICompilerCount                          = 12                                        {product} {ergonomic}
     uint ConcGCThreads                            = 5                                         {product} {ergonomic}
     uint G1ConcRefinementThreads                  = 18                                        {product} {ergonomic}
   size_t G1HeapRegionSize                         = 16777216                                  {product} {ergonomic}
    uintx GCDrainStackTargetSize                   = 64                                        {product} {ergonomic}
   size_t InitialHeapSize                          = 2147483648                                {product} {ergonomic}
   size_t MarkStackSize                            = 4194304                                   {product} {ergonomic}
   size_t MaxHeapSize                              = 32178700288                               {product} {ergonomic}
   size_t MinHeapDeltaBytes                        = 16777216                                  {product} {ergonomic}
   size_t MinHeapSize                              = 16777216                                  {product} {ergonomic}
    uintx NonNMethodCodeHeapSize                   = 7602480                                {pd product} {ergonomic}
    uintx NonProfiledCodeHeapSize                  = 122027880                              {pd product} {ergonomic}
    uintx ProfiledCodeHeapSize                     = 122027880                              {pd product} {ergonomic}
    uintx ReservedCodeCacheSize                    = 251658240                              {pd product} {ergonomic}
     bool SegmentedCodeCache                       = true                                      {product} {ergonomic}
     bool ShowCodeDetailsInExceptionMessages       = true                                   {manageable} {command line}
   size_t SoftMaxHeapSize                          = 32178700288                            {manageable} {ergonomic}
     bool UseCompressedClassPointers               = true                           {product lp64_product} {ergonomic}
     bool UseCompressedOops                        = true                           {product lp64_product} {ergonomic}
     bool UseG1GC                                  = true                                      {product} {ergonomic}

Logging:
Log output configuration:
 #0: stdout all=warning uptime,level,tags
 #1: stderr all=off uptime,level,tags

Environment Variables:
CLASSPATH=.:/apps/jade/lib/jade.jar:/apps/share/java/rhulDrawing
PATH=/usr/local/sbin:/usr/local/bin:/usr/sbin:/usr/bin:/sbin:/bin:/opt/puppetlabs/bin:/apps/x86_64Linux/blast/bin:/apps/x86_64Linux/hmmer:/apps/apache-jena/bin:/apps/pellet/bin:/opt/mpich/ch-p4/bin
USERNAME=zkac355
SHELL=/bin/bash
DISPLAY=:1009.0
LANG=en_GB.UTF-8

Signal Handlers:
   SIGSEGV: 0x00007f095f1c8710 in libjvm.so+16103184, mask=11100100010111111101111111111110, flags=SA_RESTART|SA_SIGINFO
    SIGBUS: 0x00007f095f1c8710 in libjvm.so+16103184, mask=11100100010111111101111111111110, flags=SA_RESTART|SA_SIGINFO
    SIGFPE: 0x00007f095f1c8710 in libjvm.so+16103184, mask=11100100010111111101111111111110, flags=SA_RESTART|SA_SIGINFO
   SIGPIPE: 0x00007f095f06a480 in libjvm.so+14668928, mask=11100100010111111101111111111110, flags=SA_RESTART|SA_SIGINFO
   SIGXFSZ: 0x00007f095f06a480 in libjvm.so+14668928, mask=11100100010111111101111111111110, flags=SA_RESTART|SA_SIGINFO
    SIGILL: 0x00007f095f1c8710 in libjvm.so+16103184, mask=11100100010111111101111111111110, flags=SA_RESTART|SA_SIGINFO
   SIGUSR2: 0x00007f095f069af0 in libjvm.so+14666480, mask=00100000000000000000000000000000, flags=SA_RESTART|SA_SIGINFO
    SIGHUP: SIG_DFL, mask=00000000000000000000000000000000, flags=none
    SIGINT: SIG_DFL, mask=00000000000000000000000000000000, flags=none
   SIGTERM: SIG_DFL, mask=00000000000000000000000000000000, flags=none
   SIGQUIT: 0x00007f095f06a480 in libjvm.so+14668928, mask=11100100010111111101111111111110, flags=SA_RESTART|SA_SIGINFO
   SIGTRAP: 0x00007f095f1c8710 in libjvm.so+16103184, mask=11100100010111111101111111111110, flags=SA_RESTART|SA_SIGINFO


---------------  S Y S T E M  ---------------

OS:
DISTRIB_ID=Ubuntu
DISTRIB_RELEASE=20.04
DISTRIB_CODENAME=focal
DISTRIB_DESCRIPTION="Ubuntu 20.04.5 LTS"
uname: Linux 5.4.0-131-generic #147-Ubuntu SMP Fri Oct 14 17:07:22 UTC 2022 x86_64
OS uptime: 6 days 14:50 hours
libc: glibc 2.31 NPTL 2.31 
rlimit (soft/hard): STACK 8192k/300000k , CORE 0k/infinity , NPROC 800/1000 , NOFILE 1048576/1048576 , AS 67108864k/268435456k , CPU infinity/infinity , DATA infinity/infinity , FSIZE infinity/infinity , MEMLOCK 65536k/65536k
load average: 9.62 7.37 7.20

/proc/meminfo:
MemTotal:       198078780 kB
MemFree:        119960184 kB
MemAvailable:   168714536 kB
Buffers:          917372 kB
Cached:         46148436 kB
SwapCached:            0 kB
Active:         44191540 kB
Inactive:       25808984 kB
Active(anon):   23549800 kB
Inactive(anon):  1045944 kB
Active(file):   20641740 kB
Inactive(file): 24763040 kB
Unevictable:        1744 kB
Mlocked:            1744 kB
SwapTotal:      31249404 kB
SwapFree:       31249404 kB
Dirty:              1756 kB
Writeback:             0 kB
AnonPages:      22936572 kB
Mapped:          3484036 kB
Shmem:           1661000 kB
KReclaimable:    4802416 kB
Slab:            6681944 kB
SReclaimable:    4802416 kB
SUnreclaim:      1879528 kB
KernelStack:      104976 kB
PageTables:       240740 kB
NFS_Unstable:          0 kB
Bounce:                0 kB
WritebackTmp:          0 kB
CommitLimit:    130288792 kB
Committed_AS:   73177408 kB
VmallocTotal:   34359738367 kB
VmallocUsed:      348268 kB
VmallocChunk:          0 kB
Percpu:           313728 kB
HardwareCorrupted:     0 kB
AnonHugePages:         0 kB
ShmemHugePages:        0 kB
ShmemPmdMapped:        0 kB
FileHugePages:         0 kB
FilePmdMapped:         0 kB
CmaTotal:              0 kB
CmaFree:               0 kB
HugePages_Total:       0
HugePages_Free:        0
HugePages_Rsvd:        0
HugePages_Surp:        0
Hugepagesize:       2048 kB
Hugetlb:               0 kB
DirectMap4k:     5732224 kB
DirectMap2M:    108562432 kB
DirectMap1G:    89128960 kB

/sys/kernel/mm/transparent_hugepage/enabled: always [madvise] never
/sys/kernel/mm/transparent_hugepage/defrag (defrag/compaction efforts parameter): always defer defer+madvise [madvise] never

Process Memory:
Virtual Size: 33026480K (peak: 33026484K)
Resident Set Size: 16320K (peak: 16320K) (anon: 2900K, file: 13388K, shmem: 32K)
Swapped out: 0K
C-Heap outstanding allocations: 20379K, retained: 92K
glibc malloc tunables: (default)

/proc/sys/kernel/threads-max (system-wide limit on the number of threads): 1546984
/proc/sys/vm/max_map_count (maximum number of memory map areas a process may have): 65530
/proc/sys/kernel/pid_max (system-wide limit on number of process identifiers): 4194304

container (cgroup) information:
container_type: cgroupv1
cpu_cpuset_cpus: 0-23
cpu_memory_nodes: 0-1
active_processor_count: 24
cpu_quota: no quota
cpu_period: 100000
cpu_shares: no shares
memory_limit_in_bytes: unlimited
memory_and_swap_limit_in_bytes: not supported
memory_soft_limit_in_bytes: unlimited
memory_usage_in_bytes: 3125200 k
memory_max_usage_in_bytes: 3156492 k
maximum number of tasks: unlimited
current number of tasks: 744

VMWare virtualization detected
Steal ticks since vm start: 0
Steal ticks percentage since vm start:  0.000

CPU: total 24 (initial active 24) (1 cores per cpu, 1 threads per core) family 6 model 79 stepping 1 microcode 0xb00003a, cx8, cmov, fxsr, mmx, 3dnowpref, sse, sse2, sse3, ssse3, sse4.1, sse4.2, popcnt, lzcnt, tsc, tscinvbit, avx, avx2, aes, erms, clmul, bmi1, bmi2, adx, fma, vzeroupper, clflush, hv
CPU Model and flags from /proc/cpuinfo:
model name	: Intel(R) Xeon(R) CPU E5-2683 v4 @ 2.10GHz
flags		: fpu vme de pse tsc msr pae mce cx8 apic sep mtrr pge mca cmov pat pse36 clflush dts mmx fxsr sse sse2 ss syscall nx pdpe1gb rdtscp lm constant_tsc arch_perfmon pebs bts nopl xtopology tsc_reliable nonstop_tsc cpuid pni pclmulqdq ssse3 fma cx16 pcid sse4_1 sse4_2 x2apic movbe popcnt tsc_deadline_timer aes xsave avx f16c rdrand hypervisor lahf_lm abm 3dnowprefetch cpuid_fault invpcid_single pti ssbd ibrs ibpb stibp fsgsbase tsc_adjust bmi1 avx2 smep bmi2 invpcid rdseed adx smap xsaveopt arat md_clear flush_l1d arch_capabilities

Online cpus: 0-23
Offline cpus: 
BIOS frequency limitation: <Not Available>
Frequency switch latency (ns): <Not Available>
Available cpu frequencies: <Not Available>
Current governor: <Not Available>
Core performance/turbo boost: <Not Available>

Memory: 4k page, physical 198078780k(119960184k free), swap 31249404k(31249404k free)
Page Sizes: 4k

vm_info: OpenJDK 64-Bit Server VM (17.0.4+8-Ubuntu-120.04) for linux-amd64 JRE (17.0.4+8-Ubuntu-120.04), built on Jul 22 2022 09:53:09 by "buildd" with gcc 9.4.0

END.
