#
# There is insufficient memory for the Java Runtime Environment to continue.
# Cannot create worker GC thread. Out of system resources.
# Possible reasons:
#   The system is out of physical RAM or swap space
#   The process is running with CompressedOops enabled, and the Java Heap may be blocking the growth of the native heap
# Possible solutions:
#   Reduce memory load on the system
#   Increase physical memory or swap space
#   Check if swap backing store is full
#   Decrease Java heap size (-Xmx/-Xms)
#   Decrease number of Java threads
#   Decrease Java thread stack sizes (-Xss)
#   Set larger code cache with -XX:ReservedCodeCacheSize=
#   JVM is running with Zero Based Compressed Oops mode in which the Java heap is
#     placed in the first 32GB address space. The Java Heap base address is the
#     maximum limit for the native heap growth. Please use -XX:HeapBaseMinAddress
#     to set the Java Heap base and to place the Java Heap above 32GB virtual address.
# This output file may be truncated or incomplete.
#
#  Out of Memory Error (workerManager.hpp:87), pid=658992, tid=658992
#
# JRE version:  (17.0.4+8) (build )
# Java VM: OpenJDK 64-Bit Server VM (17.0.4+8-Ubuntu-120.04, mixed mode, sharing, tiered, compressed oops, compressed class ptrs, g1 gc, linux-amd64)
# Core dump will be written. Default location: Core dumps may be processed with "/usr/share/apport/apport -p%p -s%s -c%c -d%d -P%P -u%u -g%g -- %E" (or dumping to /home/cim/ug/zkac355/Documents/Year2/2800/gitrepros/CS2800/calculator/core.658992)
#

---------------  S U M M A R Y ------------

Command Line: -XX:+ShowCodeDetailsInExceptionMessages -agentlib:jdwp=transport=dt_socket,suspend=y,address=localhost:34587 -ea -javaagent:/home/cim/ug/zkac355/.eclipse/org.eclipse.platform_4.24.0_1779757669_linux_gtk_x86_64/configuration/org.eclipse.osgi/209/0/.cp/lib/javaagent-shaded.jar -Dfile.encoding=UTF-8 org.eclipse.jdt.internal.junit.runner.RemoteTestRunner -version 3 -port 43971 -testLoaderClass org.eclipse.jdt.internal.junit5.runner.JUnit5TestLoader -loaderpluginname org.eclipse.jdt.junit5.runtime -packageNameFile /tmp/packageNames3635762234428340572.txt

Host: Intel(R) Xeon(R) CPU E5-2683 v4 @ 2.10GHz, 24 cores, 188G, Ubuntu 20.04.5 LTS
Time: Tue Nov 15 01:41:23 2022 GMT elapsed time: 0.063460 seconds (0d 0h 0m 0s)

---------------  T H R E A D  ---------------

Current thread (0x000055fbb96653a0):  JavaThread "Unknown thread" [_thread_in_vm, id=658992, stack(0x00007ffd4e281000,0x00007ffd4ea7f000)]

Stack: [0x00007ffd4e281000,0x00007ffd4ea7f000],  sp=0x00007ffd4ea7a1c0,  free space=8164k
Native frames: (J=compiled Java code, j=interpreted, Vv=VM code, C=native code)
V  [libjvm.so+0xf5aa45]
V  [libjvm.so+0xf5b6f1]
V  [libjvm.so+0x617bb7]
V  [libjvm.so+0xf8ed71]
V  [libjvm.so+0xf8ef4d]
V  [libjvm.so+0x701119]
V  [libjvm.so+0xf07b56]
V  [libjvm.so+0x810f5b]
V  [libjvm.so+0xeddc1f]
V  [libjvm.so+0x8dadf5]  JNI_CreateJavaVM+0x55
C  [libjli.so+0x3e01]
C  [libjli.so+0x9148]
C  [libjli.so+0x5e11]
C  [libjli.so+0x7825]  JLI_Launch+0x1805
C  [java+0x12b3]


---------------  P R O C E S S  ---------------

Threads class SMR info:
_java_thread_list=0x00007fc8cddf13a0, length=0, elements={
}

Java Threads: ( => current thread )

Other Threads:

[error occurred during error reporting (printing all threads), id 0xb, SIGSEGV (0xb) at pc=0x00007fc8cd15ee94]

VM state: not at safepoint (not fully initialized)

VM Mutex/Monitor currently owned by a thread:  ([mutex/lock_event])
[0x000055fbb96612e0] Heap_lock - owner thread: 0x000055fbb96653a0

Heap address: 0x0000000082000000, size: 30688 MB, Compressed Oops mode: Zero based, Oop shift amount: 3

CDS archive(s) mapped at: [0x0000000000000000-0x0000000000000000-0x0000000000000000), size 0, SharedBaseAddress: 0x0000000800000000, ArchiveRelocationMode: 0.
Narrow klass base: 0x0000000000000000, Narrow klass shift: 0, Narrow klass range: 0x0

GC Precious Log:
<Empty>

Heap:
 garbage-first heap   total 0K, used 0K [0x0000000082000000, 0x0000000800000000)
  region size 16384K, 0 young (0K), 0 survivors (0K)

[error occurred during error reporting (printing heap information), id 0xb, SIGSEGV (0xb) at pc=0x00007fc8cd72785e]

GC Heap History (0 events):
No events

Deoptimization events (0 events):
No events

Classes unloaded (0 events):
No events

Classes redefined (0 events):
No events

Internal exceptions (0 events):
No events

VM Operations (0 events):
No events

Events (3 events):
Event: 0.008 Protecting memory [0x00007ffd4e281000,0x00007ffd4e285000] with protection modes 0
Event: 0.008 Loaded shared library /usr/lib/jvm/java-17-openjdk-amd64/lib/libjava.so
Event: 0.008 Loaded shared library /usr/lib/jvm/java-17-openjdk-amd64/lib/libzip.so


Dynamic libraries:
82000000-800000000 ---p 00000000 00:00 0 
55fbb7d54000-55fbb7d55000 r--p 00000000 08:02 3161793                    /usr/lib/jvm/java-17-openjdk-amd64/bin/java
55fbb7d55000-55fbb7d56000 r-xp 00001000 08:02 3161793                    /usr/lib/jvm/java-17-openjdk-amd64/bin/java
55fbb7d56000-55fbb7d57000 r--p 00002000 08:02 3161793                    /usr/lib/jvm/java-17-openjdk-amd64/bin/java
55fbb7d57000-55fbb7d58000 r--p 00002000 08:02 3161793                    /usr/lib/jvm/java-17-openjdk-amd64/bin/java
55fbb7d58000-55fbb7d59000 rw-p 00003000 08:02 3161793                    /usr/lib/jvm/java-17-openjdk-amd64/bin/java
55fbb9636000-55fbb96b4000 rw-p 00000000 00:00 0                          [heap]
7fc86c489000-7fc86c48a000 ---p 00000000 00:00 0 
7fc86c48a000-7fc86c6f7000 rw-p 00000000 00:00 0 
7fc86c6f7000-7fc8b39c7000 ---p 00000000 00:00 0 
7fc8b39c7000-7fc8b4cce000 rw-p 00000000 00:00 0 
7fc8b4cce000-7fc8b4db2000 ---p 00000000 00:00 0 
7fc8b4db2000-7fc8b4db7000 rw-p 00000000 00:00 0 
7fc8b4db7000-7fc8b4e9b000 ---p 00000000 00:00 0 
7fc8b4e9b000-7fc8b510b000 rwxp 00000000 00:00 0 
7fc8b510b000-7fc8b55dc000 ---p 00000000 00:00 0 
7fc8b55dc000-7fc8b584c000 rwxp 00000000 00:00 0 
7fc8b584c000-7fc8bca3b000 ---p 00000000 00:00 0 
7fc8bca3b000-7fc8bccab000 rwxp 00000000 00:00 0 
7fc8bccab000-7fc8c3e9b000 ---p 00000000 00:00 0 
7fc8c3e9b000-7fc8c46a0000 r--s 00000000 08:02 1441853                    /var/lib/sss/mc/passwd
7fc8c46a0000-7fc8c46a2000 r--p 00000000 08:02 1179935                    /lib/x86_64-linux-gnu/libnss_sss.so.2
7fc8c46a2000-7fc8c46a8000 r-xp 00002000 08:02 1179935                    /lib/x86_64-linux-gnu/libnss_sss.so.2
7fc8c46a8000-7fc8c46aa000 r--p 00008000 08:02 1179935                    /lib/x86_64-linux-gnu/libnss_sss.so.2
7fc8c46aa000-7fc8c46ab000 r--p 00009000 08:02 1179935                    /lib/x86_64-linux-gnu/libnss_sss.so.2
7fc8c46ab000-7fc8c46ac000 rw-p 0000a000 08:02 1179935                    /lib/x86_64-linux-gnu/libnss_sss.so.2
7fc8c46ac000-7fc8c46ae000 r--p 00000000 08:02 1180209                    /lib/x86_64-linux-gnu/libnss_compat-2.31.so
7fc8c46ae000-7fc8c46b5000 r-xp 00002000 08:02 1180209                    /lib/x86_64-linux-gnu/libnss_compat-2.31.so
7fc8c46b5000-7fc8c46b6000 r--p 00009000 08:02 1180209                    /lib/x86_64-linux-gnu/libnss_compat-2.31.so
7fc8c46b6000-7fc8c46b7000 r--p 00009000 08:02 1180209                    /lib/x86_64-linux-gnu/libnss_compat-2.31.so
7fc8c46b7000-7fc8c46b8000 rw-p 0000a000 08:02 1180209                    /lib/x86_64-linux-gnu/libnss_compat-2.31.so
7fc8c46c0000-7fc8c46c5000 rw-p 00000000 00:00 0 
7fc8c46c5000-7fc8c46cf000 ---p 00000000 00:00 0 
7fc8c46cf000-7fc8c46d1000 r--p 00000000 08:02 3170749                    /usr/lib/jvm/java-17-openjdk-amd64/lib/libzip.so
7fc8c46d1000-7fc8c46d6000 r-xp 00002000 08:02 3170749                    /usr/lib/jvm/java-17-openjdk-amd64/lib/libzip.so
7fc8c46d6000-7fc8c46d8000 r--p 00007000 08:02 3170749                    /usr/lib/jvm/java-17-openjdk-amd64/lib/libzip.so
7fc8c46d8000-7fc8c46d9000 r--p 00008000 08:02 3170749                    /usr/lib/jvm/java-17-openjdk-amd64/lib/libzip.so
7fc8c46d9000-7fc8c46da000 rw-p 00009000 08:02 3170749                    /usr/lib/jvm/java-17-openjdk-amd64/lib/libzip.so
7fc8c46da000-7fc8c46e6000 r--p 00000000 08:02 3170728                    /usr/lib/jvm/java-17-openjdk-amd64/lib/libjava.so
7fc8c46e6000-7fc8c46f9000 r-xp 0000c000 08:02 3170728                    /usr/lib/jvm/java-17-openjdk-amd64/lib/libjava.so
7fc8c46f9000-7fc8c46ff000 r--p 0001f000 08:02 3170728                    /usr/lib/jvm/java-17-openjdk-amd64/lib/libjava.so
7fc8c46ff000-7fc8c4700000 ---p 00025000 08:02 3170728                    /usr/lib/jvm/java-17-openjdk-amd64/lib/libjava.so
7fc8c4700000-7fc8c4701000 r--p 00025000 08:02 3170728                    /usr/lib/jvm/java-17-openjdk-amd64/lib/libjava.so
7fc8c4701000-7fc8c4702000 rw-p 00026000 08:02 3170728                    /usr/lib/jvm/java-17-openjdk-amd64/lib/libjava.so
7fc8c4702000-7fc8c4703000 rw-p 00000000 00:00 0 
7fc8c4703000-7fc8c4706000 r--p 00000000 08:02 3170730                    /usr/lib/jvm/java-17-openjdk-amd64/lib/libjdwp.so
7fc8c4706000-7fc8c4733000 r-xp 00003000 08:02 3170730                    /usr/lib/jvm/java-17-openjdk-amd64/lib/libjdwp.so
7fc8c4733000-7fc8c4741000 r--p 00030000 08:02 3170730                    /usr/lib/jvm/java-17-openjdk-amd64/lib/libjdwp.so
7fc8c4741000-7fc8c4742000 ---p 0003e000 08:02 3170730                    /usr/lib/jvm/java-17-openjdk-amd64/lib/libjdwp.so
7fc8c4742000-7fc8c4743000 r--p 0003e000 08:02 3170730                    /usr/lib/jvm/java-17-openjdk-amd64/lib/libjdwp.so
7fc8c4743000-7fc8c4744000 rw-p 0003f000 08:02 3170730                    /usr/lib/jvm/java-17-openjdk-amd64/lib/libjdwp.so
7fc8c4744000-7fc8c4745000 rw-p 00000000 00:00 0 
7fc8c4745000-7fc8cc605000 r--s 00000000 08:02 3170750                    /usr/lib/jvm/java-17-openjdk-amd64/lib/modules
7fc8cc605000-7fc8cc706000 rw-p 00000000 00:00 0 
7fc8cc706000-7fc8cc709000 r--p 00000000 08:02 1179683                    /lib/x86_64-linux-gnu/libgcc_s.so.1
7fc8cc709000-7fc8cc71b000 r-xp 00003000 08:02 1179683                    /lib/x86_64-linux-gnu/libgcc_s.so.1
7fc8cc71b000-7fc8cc71f000 r--p 00015000 08:02 1179683                    /lib/x86_64-linux-gnu/libgcc_s.so.1
7fc8cc71f000-7fc8cc720000 r--p 00018000 08:02 1179683                    /lib/x86_64-linux-gnu/libgcc_s.so.1
7fc8cc720000-7fc8cc721000 rw-p 00019000 08:02 1179683                    /lib/x86_64-linux-gnu/libgcc_s.so.1
7fc8cc721000-7fc8cc72e000 r--p 00000000 08:02 1179776                    /lib/x86_64-linux-gnu/libm-2.31.so
7fc8cc72e000-7fc8cc7d5000 r-xp 0000d000 08:02 1179776                    /lib/x86_64-linux-gnu/libm-2.31.so
7fc8cc7d5000-7fc8cc86e000 r--p 000b4000 08:02 1179776                    /lib/x86_64-linux-gnu/libm-2.31.so
7fc8cc86e000-7fc8cc86f000 r--p 0014c000 08:02 1179776                    /lib/x86_64-linux-gnu/libm-2.31.so
7fc8cc86f000-7fc8cc870000 rw-p 0014d000 08:02 1179776                    /lib/x86_64-linux-gnu/libm-2.31.so
7fc8cc870000-7fc8cc906000 r--p 00000000 08:02 1966267                    /usr/lib/x86_64-linux-gnu/libstdc++.so.6.0.28
7fc8cc906000-7fc8cc9f7000 r-xp 00096000 08:02 1966267                    /usr/lib/x86_64-linux-gnu/libstdc++.so.6.0.28
7fc8cc9f7000-7fc8cca40000 r--p 00187000 08:02 1966267                    /usr/lib/x86_64-linux-gnu/libstdc++.so.6.0.28
7fc8cca40000-7fc8cca41000 ---p 001d0000 08:02 1966267                    /usr/lib/x86_64-linux-gnu/libstdc++.so.6.0.28
7fc8cca41000-7fc8cca4c000 r--p 001d0000 08:02 1966267                    /usr/lib/x86_64-linux-gnu/libstdc++.so.6.0.28
7fc8cca4c000-7fc8cca4f000 rw-p 001db000 08:02 1966267                    /usr/lib/x86_64-linux-gnu/libstdc++.so.6.0.28
7fc8cca4f000-7fc8cca52000 rw-p 00000000 00:00 0 
7fc8cca52000-7fc8ccca2000 r--p 00000000 08:02 3170754                    /usr/lib/jvm/java-17-openjdk-amd64/lib/server/libjvm.so
7fc8ccca2000-7fc8cda2f000 r-xp 00250000 08:02 3170754                    /usr/lib/jvm/java-17-openjdk-amd64/lib/server/libjvm.so
7fc8cda2f000-7fc8cdcb4000 r--p 00fdd000 08:02 3170754                    /usr/lib/jvm/java-17-openjdk-amd64/lib/server/libjvm.so
7fc8cdcb4000-7fc8cdcb5000 ---p 01262000 08:02 3170754                    /usr/lib/jvm/java-17-openjdk-amd64/lib/server/libjvm.so
7fc8cdcb5000-7fc8cdd6d000 r--p 01262000 08:02 3170754                    /usr/lib/jvm/java-17-openjdk-amd64/lib/server/libjvm.so
7fc8cdd6d000-7fc8cdda2000 rw-p 0131a000 08:02 3170754                    /usr/lib/jvm/java-17-openjdk-amd64/lib/server/libjvm.so
7fc8cdda2000-7fc8cddfd000 rw-p 00000000 00:00 0 
7fc8cddfd000-7fc8cde03000 r--p 00000000 08:02 1181005                    /lib/x86_64-linux-gnu/libpthread-2.31.so
7fc8cde03000-7fc8cde14000 r-xp 00006000 08:02 1181005                    /lib/x86_64-linux-gnu/libpthread-2.31.so
7fc8cde14000-7fc8cde1a000 r--p 00017000 08:02 1181005                    /lib/x86_64-linux-gnu/libpthread-2.31.so
7fc8cde1a000-7fc8cde1b000 r--p 0001c000 08:02 1181005                    /lib/x86_64-linux-gnu/libpthread-2.31.so
7fc8cde1b000-7fc8cde1c000 rw-p 0001d000 08:02 1181005                    /lib/x86_64-linux-gnu/libpthread-2.31.so
7fc8cde1c000-7fc8cde20000 rw-p 00000000 00:00 0 
7fc8cde20000-7fc8cde21000 r--p 00000000 08:02 1179773                    /lib/x86_64-linux-gnu/libdl-2.31.so
7fc8cde21000-7fc8cde23000 r-xp 00001000 08:02 1179773                    /lib/x86_64-linux-gnu/libdl-2.31.so
7fc8cde23000-7fc8cde24000 r--p 00003000 08:02 1179773                    /lib/x86_64-linux-gnu/libdl-2.31.so
7fc8cde24000-7fc8cde25000 r--p 00003000 08:02 1179773                    /lib/x86_64-linux-gnu/libdl-2.31.so
7fc8cde25000-7fc8cde26000 rw-p 00004000 08:02 1179773                    /lib/x86_64-linux-gnu/libdl-2.31.so
7fc8cde26000-7fc8cde28000 r--p 00000000 08:02 1180009                    /lib/x86_64-linux-gnu/libz.so.1.2.11
7fc8cde28000-7fc8cde39000 r-xp 00002000 08:02 1180009                    /lib/x86_64-linux-gnu/libz.so.1.2.11
7fc8cde39000-7fc8cde3f000 r--p 00013000 08:02 1180009                    /lib/x86_64-linux-gnu/libz.so.1.2.11
7fc8cde3f000-7fc8cde40000 ---p 00019000 08:02 1180009                    /lib/x86_64-linux-gnu/libz.so.1.2.11
7fc8cde40000-7fc8cde41000 r--p 00019000 08:02 1180009                    /lib/x86_64-linux-gnu/libz.so.1.2.11
7fc8cde41000-7fc8cde42000 rw-p 0001a000 08:02 1180009                    /lib/x86_64-linux-gnu/libz.so.1.2.11
7fc8cde42000-7fc8cde64000 r--p 00000000 08:02 1179772                    /lib/x86_64-linux-gnu/libc-2.31.so
7fc8cde64000-7fc8cdfdc000 r-xp 00022000 08:02 1179772                    /lib/x86_64-linux-gnu/libc-2.31.so
7fc8cdfdc000-7fc8ce02a000 r--p 0019a000 08:02 1179772                    /lib/x86_64-linux-gnu/libc-2.31.so
7fc8ce02a000-7fc8ce02e000 r--p 001e7000 08:02 1179772                    /lib/x86_64-linux-gnu/libc-2.31.so
7fc8ce02e000-7fc8ce030000 rw-p 001eb000 08:02 1179772                    /lib/x86_64-linux-gnu/libc-2.31.so
7fc8ce030000-7fc8ce034000 rw-p 00000000 00:00 0 
7fc8ce035000-7fc8ce037000 r--s 0000c000 08:02 3277179                    /usr/share/java/java-atk-wrapper.jar
7fc8ce037000-7fc8ce03f000 rw-s 00000000 00:32 1532                       /tmp/hsperfdata_zkac355/658992
7fc8ce03f000-7fc8ce040000 r--p 00000000 08:02 3170723                    /usr/lib/jvm/java-17-openjdk-amd64/lib/libinstrument.so
7fc8ce040000-7fc8ce046000 r-xp 00001000 08:02 3170723                    /usr/lib/jvm/java-17-openjdk-amd64/lib/libinstrument.so
7fc8ce046000-7fc8ce049000 r--p 00007000 08:02 3170723                    /usr/lib/jvm/java-17-openjdk-amd64/lib/libinstrument.so
7fc8ce049000-7fc8ce04a000 r--p 00009000 08:02 3170723                    /usr/lib/jvm/java-17-openjdk-amd64/lib/libinstrument.so
7fc8ce04a000-7fc8ce04b000 rw-p 0000a000 08:02 3170723                    /usr/lib/jvm/java-17-openjdk-amd64/lib/libinstrument.so
7fc8ce04b000-7fc8ce04c000 ---p 00000000 00:00 0 
7fc8ce04c000-7fc8ce04d000 r--p 00000000 00:00 0 
7fc8ce04d000-7fc8ce04f000 r--p 00000000 08:02 3170731                    /usr/lib/jvm/java-17-openjdk-amd64/lib/libjimage.so
7fc8ce04f000-7fc8ce052000 r-xp 00002000 08:02 3170731                    /usr/lib/jvm/java-17-openjdk-amd64/lib/libjimage.so
7fc8ce052000-7fc8ce053000 r--p 00005000 08:02 3170731                    /usr/lib/jvm/java-17-openjdk-amd64/lib/libjimage.so
7fc8ce053000-7fc8ce054000 ---p 00006000 08:02 3170731                    /usr/lib/jvm/java-17-openjdk-amd64/lib/libjimage.so
7fc8ce054000-7fc8ce055000 r--p 00006000 08:02 3170731                    /usr/lib/jvm/java-17-openjdk-amd64/lib/libjimage.so
7fc8ce055000-7fc8ce056000 rw-p 00007000 08:02 3170731                    /usr/lib/jvm/java-17-openjdk-amd64/lib/libjimage.so
7fc8ce056000-7fc8ce058000 r--p 00000000 08:02 3170732                    /usr/lib/jvm/java-17-openjdk-amd64/lib/libjli.so
7fc8ce058000-7fc8ce062000 r-xp 00002000 08:02 3170732                    /usr/lib/jvm/java-17-openjdk-amd64/lib/libjli.so
7fc8ce062000-7fc8ce065000 r--p 0000c000 08:02 3170732                    /usr/lib/jvm/java-17-openjdk-amd64/lib/libjli.so
7fc8ce065000-7fc8ce066000 ---p 0000f000 08:02 3170732                    /usr/lib/jvm/java-17-openjdk-amd64/lib/libjli.so
7fc8ce066000-7fc8ce067000 r--p 0000f000 08:02 3170732                    /usr/lib/jvm/java-17-openjdk-amd64/lib/libjli.so
7fc8ce067000-7fc8ce068000 rw-p 00010000 08:02 3170732                    /usr/lib/jvm/java-17-openjdk-amd64/lib/libjli.so
7fc8ce068000-7fc8ce06a000 rw-p 00000000 00:00 0 
7fc8ce06a000-7fc8ce06b000 r--p 00000000 08:02 1179753                    /lib/x86_64-linux-gnu/ld-2.31.so
7fc8ce06b000-7fc8ce08e000 r-xp 00001000 08:02 1179753                    /lib/x86_64-linux-gnu/ld-2.31.so
7fc8ce08e000-7fc8ce096000 r--p 00024000 08:02 1179753                    /lib/x86_64-linux-gnu/ld-2.31.so
7fc8ce096000-7fc8ce097000 ---p 00000000 00:00 0 
7fc8ce097000-7fc8ce098000 r--p 0002c000 08:02 1179753                    /lib/x86_64-linux-gnu/ld-2.31.so
7fc8ce098000-7fc8ce099000 rw-p 0002d000 08:02 1179753                    /lib/x86_64-linux-gnu/ld-2.31.so
7fc8ce099000-7fc8ce09a000 rw-p 00000000 00:00 0 
7ffd4e281000-7ffd4e285000 ---p 00000000 00:00 0 
7ffd4ea5f000-7ffd4ea81000 rw-p 00000000 00:00 0                          [stack]
7ffd4eb9e000-7ffd4eba1000 r--p 00000000 00:00 0                          [vvar]
7ffd4eba1000-7ffd4eba2000 r-xp 00000000 00:00 0                          [vdso]
ffffffffff600000-ffffffffff601000 --xp 00000000 00:00 0                  [vsyscall]


VM Arguments:
jvm_args: -XX:+ShowCodeDetailsInExceptionMessages -agentlib:jdwp=transport=dt_socket,suspend=y,address=localhost:34587 -ea -javaagent:/home/cim/ug/zkac355/.eclipse/org.eclipse.platform_4.24.0_1779757669_linux_gtk_x86_64/configuration/org.eclipse.osgi/209/0/.cp/lib/javaagent-shaded.jar -Dfile.encoding=UTF-8 
java_command: org.eclipse.jdt.internal.junit.runner.RemoteTestRunner -version 3 -port 43971 -testLoaderClass org.eclipse.jdt.internal.junit5.runner.JUnit5TestLoader -loaderpluginname org.eclipse.jdt.junit5.runtime -packageNameFile /tmp/packageNames3635762234428340572.txt
java_class_path (initial): /home/cim/ug/zkac355/Documents/Year2/2800/gitrepros/CS2800/calculator/target/test-classes:/home/cim/ug/zkac355/Documents/Year2/2800/gitrepros/CS2800/calculator/target/classes:/home/cim/ug/zkac355/.m2/repository/org/junit/jupiter/junit-jupiter-engine/5.4.0/junit-jupiter-engine-5.4.0.jar:/home/cim/ug/zkac355/.m2/repository/org/apiguardian/apiguardian-api/1.0.0/apiguardian-api-1.0.0.jar:/home/cim/ug/zkac355/.m2/repository/org/junit/platform/junit-platform-engine/1.4.0/junit-platform-engine-1.4.0.jar:/home/cim/ug/zkac355/.m2/repository/org/opentest4j/opentest4j/1.1.1/opentest4j-1.1.1.jar:/home/cim/ug/zkac355/.m2/repository/org/junit/platform/junit-platform-commons/1.4.0/junit-platform-commons-1.4.0.jar:/home/cim/ug/zkac355/.m2/repository/org/junit/jupiter/junit-jupiter-api/5.4.0/junit-jupiter-api-5.4.0.jar:/home/cim/ug/zkac355/.m2/repository/org/openjfx/javafx-controls/13/javafx-controls-13.jar:/home/cim/ug/zkac355/.m2/repository/org/openjfx/javafx-controls/13/javafx-controls-13-linux.jar:/home/cim/ug/zkac355/.m2/repository/org/openjfx/javafx-graphics/13/javafx-graphics-13.jar:/home/cim/ug/zkac355/.m2/repository/org/openjfx/javafx-graphics/13/javafx-graphics-13-linux.jar:/home/cim/ug/zkac355/.m2/repository/org/openjfx/javafx-base/13/javafx-base-13.jar:/home/cim/ug/zkac355/.m2/repository/org/openjfx/javafx-base/13/javafx-base-13-linux.jar:/home/cim/ug/zkac355/.m2/repository/org/openjfx/javafx-fxml/13/javafx-fxml-13.jar:/home/cim/ug/zkac355/.m2/repository/org/openjfx/javafx-fxml/13/javafx-fxml-13-linux.jar:/home/cim/ug/zkac355/.m2/repository/org/junit/platform/junit-platform-launcher/1.4.0/junit-platform-launcher-1.4.0.jar:/home/cim/ug/zkac355/.eclipse/org.eclipse.platform_4.24.0_1779757669_linux_gtk_x86_64/configuration/org.eclipse.osgi/208/0/.cp:/home/cim/ug/zkac355/.eclipse/org.eclipse.platform_4.24.0_1779757669_linux_gtk_x86_64/configuration/org.eclipse.osgi/206/0/.cp
Launcher Type: SUN_STANDARD

[Global flags]
     intx CICompilerCount                          = 12                                        {product} {ergonomic}
     uint ConcGCThreads                            = 5                                         {product} {ergonomic}
     uint G1ConcRefinementThreads                  = 18                                        {product} {ergonomic}
   size_t G1HeapRegionSize                         = 16777216                                  {product} {ergonomic}
    uintx GCDrainStackTargetSize                   = 64                                        {product} {ergonomic}
   size_t InitialHeapSize                          = 2147483648                                {product} {ergonomic}
   size_t MarkStackSize                            = 4194304                                   {product} {ergonomic}
   size_t MaxHeapSize                              = 32178700288                               {product} {ergonomic}
   size_t MinHeapDeltaBytes                        = 16777216                                  {product} {ergonomic}
   size_t MinHeapSize                              = 16777216                                  {product} {ergonomic}
    uintx NonNMethodCodeHeapSize                   = 7602480                                {pd product} {ergonomic}
    uintx NonProfiledCodeHeapSize                  = 122027880                              {pd product} {ergonomic}
    uintx ProfiledCodeHeapSize                     = 122027880                              {pd product} {ergonomic}
    uintx ReservedCodeCacheSize                    = 251658240                              {pd product} {ergonomic}
     bool SegmentedCodeCache                       = true                                      {product} {ergonomic}
     bool ShowCodeDetailsInExceptionMessages       = true                                   {manageable} {command line}
   size_t SoftMaxHeapSize                          = 32178700288                            {manageable} {ergonomic}
     bool UseCompressedClassPointers               = true                           {product lp64_product} {ergonomic}
     bool UseCompressedOops                        = true                           {product lp64_product} {ergonomic}
     bool UseG1GC                                  = true                                      {product} {ergonomic}

Logging:
Log output configuration:
 #0: stdout all=warning uptime,level,tags
 #1: stderr all=off uptime,level,tags

Environment Variables:
CLASSPATH=.:/apps/jade/lib/jade.jar:/apps/share/java/rhulDrawing
PATH=/usr/local/sbin:/usr/local/bin:/usr/sbin:/usr/bin:/sbin:/bin:/opt/puppetlabs/bin:/apps/x86_64Linux/blast/bin:/apps/x86_64Linux/hmmer:/apps/apache-jena/bin:/apps/pellet/bin:/opt/mpich/ch-p4/bin
USERNAME=zkac355
SHELL=/bin/bash
DISPLAY=:1006.0
LANG=en_GB.UTF-8

Signal Handlers:
   SIGSEGV: 0x00007fc8cd9ad710 in libjvm.so+16103184, mask=11100100010111111101111111111110, flags=SA_RESTART|SA_SIGINFO
    SIGBUS: 0x00007fc8cd9ad710 in libjvm.so+16103184, mask=11100100010111111101111111111110, flags=SA_RESTART|SA_SIGINFO
    SIGFPE: 0x00007fc8cd9ad710 in libjvm.so+16103184, mask=11100100010111111101111111111110, flags=SA_RESTART|SA_SIGINFO
   SIGPIPE: 0x00007fc8cd84f480 in libjvm.so+14668928, mask=11100100010111111101111111111110, flags=SA_RESTART|SA_SIGINFO
   SIGXFSZ: 0x00007fc8cd84f480 in libjvm.so+14668928, mask=11100100010111111101111111111110, flags=SA_RESTART|SA_SIGINFO
    SIGILL: 0x00007fc8cd9ad710 in libjvm.so+16103184, mask=11100100010111111101111111111110, flags=SA_RESTART|SA_SIGINFO
   SIGUSR2: 0x00007fc8cd84eaf0 in libjvm.so+14666480, mask=00100000000000000000000000000000, flags=SA_RESTART|SA_SIGINFO
    SIGHUP: SIG_DFL, mask=00000000000000000000000000000000, flags=none
    SIGINT: SIG_DFL, mask=00000000000000000000000000000000, flags=none
   SIGTERM: SIG_DFL, mask=00000000000000000000000000000000, flags=none
   SIGQUIT: 0x00007fc8cd84f480 in libjvm.so+14668928, mask=11100100010111111101111111111110, flags=SA_RESTART|SA_SIGINFO
   SIGTRAP: 0x00007fc8cd9ad710 in libjvm.so+16103184, mask=11100100010111111101111111111110, flags=SA_RESTART|SA_SIGINFO


---------------  S Y S T E M  ---------------

OS:
DISTRIB_ID=Ubuntu
DISTRIB_RELEASE=20.04
DISTRIB_CODENAME=focal
DISTRIB_DESCRIPTION="Ubuntu 20.04.5 LTS"
uname: Linux 5.4.0-131-generic #147-Ubuntu SMP Fri Oct 14 17:07:22 UTC 2022 x86_64
OS uptime: 6 days 18:26 hours
libc: glibc 2.31 NPTL 2.31 
rlimit (soft/hard): STACK 8192k/300000k , CORE 0k/infinity , NPROC 800/1000 , NOFILE 1048576/1048576 , AS 67108864k/268435456k , CPU infinity/infinity , DATA infinity/infinity , FSIZE infinity/infinity , MEMLOCK 65536k/65536k
load average: 6.82 2.49 1.64

/proc/meminfo:
MemTotal:       198078780 kB
MemFree:        121103432 kB
MemAvailable:   172868708 kB
Buffers:         1577268 kB
Cached:         48293816 kB
SwapCached:            0 kB
Active:         42086652 kB
Inactive:       27709092 kB
Active(anon):   20076304 kB
Inactive(anon):  1067008 kB
Active(file):   22010348 kB
Inactive(file): 26642084 kB
Unevictable:        1216 kB
Mlocked:            1216 kB
SwapTotal:      31249404 kB
SwapFree:       31249404 kB
Dirty:               200 kB
Writeback:             0 kB
AnonPages:      19925200 kB
Mapped:          2752000 kB
Shmem:           1218648 kB
KReclaimable:    4565376 kB
Slab:            5866584 kB
SReclaimable:    4565376 kB
SUnreclaim:      1301208 kB
KernelStack:      105760 kB
PageTables:       201344 kB
NFS_Unstable:          0 kB
Bounce:                0 kB
WritebackTmp:          0 kB
CommitLimit:    130288792 kB
Committed_AS:   68049208 kB
VmallocTotal:   34359738367 kB
VmallocUsed:      349052 kB
VmallocChunk:          0 kB
Percpu:           224000 kB
HardwareCorrupted:     0 kB
AnonHugePages:         0 kB
ShmemHugePages:        0 kB
ShmemPmdMapped:        0 kB
FileHugePages:         0 kB
FilePmdMapped:         0 kB
CmaTotal:              0 kB
CmaFree:               0 kB
HugePages_Total:       0
HugePages_Free:        0
HugePages_Rsvd:        0
HugePages_Surp:        0
Hugepagesize:       2048 kB
Hugetlb:               0 kB
DirectMap4k:     3182464 kB
DirectMap2M:    78606336 kB
DirectMap1G:    121634816 kB

/sys/kernel/mm/transparent_hugepage/enabled: always [madvise] never
/sys/kernel/mm/transparent_hugepage/defrag (defrag/compaction efforts parameter): always defer defer+madvise [madvise] never

Process Memory:
Virtual Size: 33026772K (peak: 33026772K)
Resident Set Size: 17032K (peak: 17032K) (anon: 2868K, file: 14132K, shmem: 32K)
Swapped out: 0K
C-Heap outstanding allocations: 20392K, retained: 55K
glibc malloc tunables: (default)

/proc/sys/kernel/threads-max (system-wide limit on the number of threads): 1546984
/proc/sys/vm/max_map_count (maximum number of memory map areas a process may have): 65530
/proc/sys/kernel/pid_max (system-wide limit on number of process identifiers): 4194304

container (cgroup) information:
container_type: cgroupv1
cpu_cpuset_cpus: 0-23
cpu_memory_nodes: 0-1
active_processor_count: 24
cpu_quota: no quota
cpu_period: 100000
cpu_shares: no shares
memory_limit_in_bytes: unlimited
memory_and_swap_limit_in_bytes: not supported
memory_soft_limit_in_bytes: unlimited
memory_usage_in_bytes: 3363048 k
memory_max_usage_in_bytes: 3389808 k
maximum number of tasks: unlimited
current number of tasks: 757

VMWare virtualization detected
Steal ticks since vm start: 0
Steal ticks percentage since vm start:  0.000

CPU: total 24 (initial active 24) (1 cores per cpu, 1 threads per core) family 6 model 79 stepping 1 microcode 0xb00003a, cx8, cmov, fxsr, mmx, 3dnowpref, sse, sse2, sse3, ssse3, sse4.1, sse4.2, popcnt, lzcnt, tsc, tscinvbit, avx, avx2, aes, erms, clmul, bmi1, bmi2, adx, fma, vzeroupper, clflush, hv
CPU Model and flags from /proc/cpuinfo:
model name	: Intel(R) Xeon(R) CPU E5-2683 v4 @ 2.10GHz
flags		: fpu vme de pse tsc msr pae mce cx8 apic sep mtrr pge mca cmov pat pse36 clflush dts mmx fxsr sse sse2 ss syscall nx pdpe1gb rdtscp lm constant_tsc arch_perfmon pebs bts nopl xtopology tsc_reliable nonstop_tsc cpuid pni pclmulqdq ssse3 fma cx16 pcid sse4_1 sse4_2 x2apic movbe popcnt tsc_deadline_timer aes xsave avx f16c rdrand hypervisor lahf_lm abm 3dnowprefetch cpuid_fault invpcid_single pti ssbd ibrs ibpb stibp fsgsbase tsc_adjust bmi1 avx2 smep bmi2 invpcid rdseed adx smap xsaveopt arat md_clear flush_l1d arch_capabilities

Online cpus: 0-23
Offline cpus: 
BIOS frequency limitation: <Not Available>
Frequency switch latency (ns): <Not Available>
Available cpu frequencies: <Not Available>
Current governor: <Not Available>
Core performance/turbo boost: <Not Available>

Memory: 4k page, physical 198078780k(121105844k free), swap 31249404k(31249404k free)
Page Sizes: 4k

vm_info: OpenJDK 64-Bit Server VM (17.0.4+8-Ubuntu-120.04) for linux-amd64 JRE (17.0.4+8-Ubuntu-120.04), built on Jul 22 2022 09:53:09 by "buildd" with gcc 9.4.0

END.
